[0.581s] Invoking command in '/home/teo/ros2_ws/src/py_publisher': PYTHONPATH=/home/teo/ros2_ws/build/py_publisher/prefix_override:/home/teo/ros2_ws/install/py_publisher/lib/python3.10/site-packages:${PYTHONPATH} /usr/bin/python3 setup.py egg_info --egg-base ../../build/py_publisher build --build-base /home/teo/ros2_ws/build/py_publisher/build install --record /home/teo/ros2_ws/build/py_publisher/install.log --single-version-externally-managed
[0.769s] running egg_info
[0.769s] writing ../../build/py_publisher/py_publisher.egg-info/PKG-INFO
[0.770s] writing dependency_links to ../../build/py_publisher/py_publisher.egg-info/dependency_links.txt
[0.770s] writing entry points to ../../build/py_publisher/py_publisher.egg-info/entry_points.txt
[0.770s] writing requirements to ../../build/py_publisher/py_publisher.egg-info/requires.txt
[0.770s] writing top-level names to ../../build/py_publisher/py_publisher.egg-info/top_level.txt
[0.771s] reading manifest file '../../build/py_publisher/py_publisher.egg-info/SOURCES.txt'
[0.772s] writing manifest file '../../build/py_publisher/py_publisher.egg-info/SOURCES.txt'
[0.772s] running build
[0.772s] running build_py
[0.772s] copying py_publisher/logica_ventana.py -> /home/teo/ros2_ws/build/py_publisher/build/lib/py_publisher
[0.773s] running install
[0.773s] /usr/lib/python3/dist-packages/setuptools/command/install.py:34: SetuptoolsDeprecationWarning: setup.py install is deprecated. Use build and pip and other standards-based tools.
[0.773s]   warnings.warn(
[0.773s] running install_lib
[0.773s] copying /home/teo/ros2_ws/build/py_publisher/build/lib/py_publisher/logica_ventana.py -> /home/teo/ros2_ws/install/py_publisher/lib/python3.10/site-packages/py_publisher
[0.774s] byte-compiling /home/teo/ros2_ws/install/py_publisher/lib/python3.10/site-packages/py_publisher/logica_ventana.py to logica_ventana.cpython-310.pyc
[0.775s] running install_data
[0.776s] running install_egg_info
[0.777s] removing '/home/teo/ros2_ws/install/py_publisher/lib/python3.10/site-packages/py_publisher-0.0.0-py3.10.egg-info' (and everything under it)
[0.777s] Copying ../../build/py_publisher/py_publisher.egg-info to /home/teo/ros2_ws/install/py_publisher/lib/python3.10/site-packages/py_publisher-0.0.0-py3.10.egg-info
[0.778s] running install_scripts
[0.795s] Installing hola script to /home/teo/ros2_ws/install/py_publisher/lib/py_publisher
[0.795s] Installing listener script to /home/teo/ros2_ws/install/py_publisher/lib/py_publisher
[0.795s] writing list of installed files to '/home/teo/ros2_ws/build/py_publisher/install.log'
[0.811s] Invoked command in '/home/teo/ros2_ws/src/py_publisher' returned '0': PYTHONPATH=/home/teo/ros2_ws/build/py_publisher/prefix_override:/home/teo/ros2_ws/install/py_publisher/lib/python3.10/site-packages:${PYTHONPATH} /usr/bin/python3 setup.py egg_info --egg-base ../../build/py_publisher build --build-base /home/teo/ros2_ws/build/py_publisher/build install --record /home/teo/ros2_ws/build/py_publisher/install.log --single-version-externally-managed
