[0.842s] Invoking command in '/home/teo/ros2_ws/src/py_publisher': PYTHONPATH=/home/teo/ros2_ws/build/py_publisher/prefix_override:/home/teo/ros2_ws/install/py_publisher/lib/python3.10/site-packages:${PYTHONPATH} /usr/bin/python3 setup.py egg_info --egg-base ../../build/py_publisher build --build-base /home/teo/ros2_ws/build/py_publisher/build install --record /home/teo/ros2_ws/build/py_publisher/install.log --single-version-externally-managed
[1.091s] running egg_info
[1.093s] writing ../../build/py_publisher/py_publisher.egg-info/PKG-INFO
[1.093s] writing dependency_links to ../../build/py_publisher/py_publisher.egg-info/dependency_links.txt
[1.093s] writing entry points to ../../build/py_publisher/py_publisher.egg-info/entry_points.txt
[1.093s] writing requirements to ../../build/py_publisher/py_publisher.egg-info/requires.txt
[1.094s] writing top-level names to ../../build/py_publisher/py_publisher.egg-info/top_level.txt
[1.096s] reading manifest file '../../build/py_publisher/py_publisher.egg-info/SOURCES.txt'
[1.097s] writing manifest file '../../build/py_publisher/py_publisher.egg-info/SOURCES.txt'
[1.097s] running build
[1.097s] running build_py
[1.097s] copying py_publisher/logica_ventana.py -> /home/teo/ros2_ws/build/py_publisher/build/lib/py_publisher
[1.097s] running install
[1.097s] /usr/lib/python3/dist-packages/setuptools/command/install.py:34: SetuptoolsDeprecationWarning: setup.py install is deprecated. Use build and pip and other standards-based tools.
[1.097s]   warnings.warn(
[1.097s] running install_lib
[1.098s] copying /home/teo/ros2_ws/build/py_publisher/build/lib/py_publisher/logica_ventana.py -> /home/teo/ros2_ws/install/py_publisher/lib/python3.10/site-packages/py_publisher
[1.099s] byte-compiling /home/teo/ros2_ws/install/py_publisher/lib/python3.10/site-packages/py_publisher/logica_ventana.py to logica_ventana.cpython-310.pyc
[1.100s] running install_data
[1.100s] running install_egg_info
[1.102s] removing '/home/teo/ros2_ws/install/py_publisher/lib/python3.10/site-packages/py_publisher-0.0.0-py3.10.egg-info' (and everything under it)
[1.102s] Copying ../../build/py_publisher/py_publisher.egg-info to /home/teo/ros2_ws/install/py_publisher/lib/python3.10/site-packages/py_publisher-0.0.0-py3.10.egg-info
[1.103s] running install_scripts
[1.128s] Installing hola script to /home/teo/ros2_ws/install/py_publisher/lib/py_publisher
[1.128s] Installing listener script to /home/teo/ros2_ws/install/py_publisher/lib/py_publisher
[1.129s] writing list of installed files to '/home/teo/ros2_ws/build/py_publisher/install.log'
[1.168s] Invoked command in '/home/teo/ros2_ws/src/py_publisher' returned '0': PYTHONPATH=/home/teo/ros2_ws/build/py_publisher/prefix_override:/home/teo/ros2_ws/install/py_publisher/lib/python3.10/site-packages:${PYTHONPATH} /usr/bin/python3 setup.py egg_info --egg-base ../../build/py_publisher build --build-base /home/teo/ros2_ws/build/py_publisher/build install --record /home/teo/ros2_ws/build/py_publisher/install.log --single-version-externally-managed
