[5.180s] DEBUG:colcon:Command line arguments: ['/usr/bin/colcon', 'build']
[5.180s] DEBUG:colcon:Parsed command line arguments: Namespace(log_base=None, log_level=None, verb_name='build', build_base='build', install_base='install', merge_install=False, symlink_install=False, test_result_base=None, continue_on_error=False, executor='parallel', parallel_workers=3, event_handlers=None, ignore_user_meta=False, metas=['./colcon.meta'], base_paths=['.'], packages_ignore=None, packages_ignore_regex=None, paths=None, packages_up_to=None, packages_up_to_regex=None, packages_above=None, packages_above_and_dependencies=None, packages_above_depth=None, packages_select_by_dep=None, packages_skip_by_dep=None, packages_skip_up_to=None, packages_select_build_failed=False, packages_skip_build_finished=False, packages_select_test_failures=False, packages_skip_test_passed=False, packages_select=None, packages_skip=None, packages_select_regex=None, packages_skip_regex=None, packages_start=None, packages_end=None, allow_overriding=[], cmake_args=None, cmake_target=None, cmake_target_skip_unavailable=False, cmake_clean_cache=False, cmake_clean_first=False, cmake_force_configure=False, ament_cmake_args=None, catkin_cmake_args=None, catkin_skip_building_tests=False, verb_parser=<colcon_defaults.argument_parser.defaults.DefaultArgumentsDecorator object at 0x7f8cb4d3ceb0>, verb_extension=<colcon_core.verb.build.BuildVerb object at 0x7f8cb51b5c60>, main=<bound method BuildVerb.main of <colcon_core.verb.build.BuildVerb object at 0x7f8cb51b5c60>>)
[5.466s] Level 1:colcon.colcon_core.package_discovery:discover_packages(colcon_meta) check parameters
[5.467s] Level 1:colcon.colcon_core.package_discovery:discover_packages(recursive) check parameters
[5.467s] Level 1:colcon.colcon_core.package_discovery:discover_packages(ignore) check parameters
[5.467s] Level 1:colcon.colcon_core.package_discovery:discover_packages(path) check parameters
[5.467s] Level 1:colcon.colcon_core.package_discovery:discover_packages(colcon_meta) discover
[5.467s] Level 1:colcon.colcon_core.package_discovery:discover_packages(recursive) discover
[5.467s] INFO:colcon.colcon_core.package_discovery:Crawling recursively for packages in '/home/armega/ros2_ws'
[5.468s] Level 1:colcon.colcon_core.package_identification:_identify(.) by extensions ['ignore', 'ignore_ament_install']
[5.468s] Level 1:colcon.colcon_core.package_identification:_identify(.) by extension 'ignore'
[5.468s] Level 1:colcon.colcon_core.package_identification:_identify(.) by extension 'ignore_ament_install'
[5.468s] Level 1:colcon.colcon_core.package_identification:_identify(.) by extensions ['colcon_pkg']
[5.468s] Level 1:colcon.colcon_core.package_identification:_identify(.) by extension 'colcon_pkg'
[5.468s] Level 1:colcon.colcon_core.package_identification:_identify(.) by extensions ['colcon_meta']
[5.469s] Level 1:colcon.colcon_core.package_identification:_identify(.) by extension 'colcon_meta'
[5.469s] Level 1:colcon.colcon_core.package_identification:_identify(.) by extensions ['ros']
[5.469s] Level 1:colcon.colcon_core.package_identification:_identify(.) by extension 'ros'
[5.537s] Level 1:colcon.colcon_core.package_identification:_identify(.) by extensions ['cmake', 'python']
[5.537s] Level 1:colcon.colcon_core.package_identification:_identify(.) by extension 'cmake'
[5.538s] Level 1:colcon.colcon_core.package_identification:_identify(.) by extension 'python'
[5.538s] Level 1:colcon.colcon_core.package_identification:_identify(.) by extensions ['python_setup_py']
[5.538s] Level 1:colcon.colcon_core.package_identification:_identify(.) by extension 'python_setup_py'
[5.540s] Level 1:colcon.colcon_core.package_identification:_identify(build) by extensions ['ignore', 'ignore_ament_install']
[5.540s] Level 1:colcon.colcon_core.package_identification:_identify(build) by extension 'ignore'
[5.540s] Level 1:colcon.colcon_core.package_identification:_identify(build) ignored
[5.545s] Level 1:colcon.colcon_core.package_identification:_identify(install) by extensions ['ignore', 'ignore_ament_install']
[5.546s] Level 1:colcon.colcon_core.package_identification:_identify(install) by extension 'ignore'
[5.546s] Level 1:colcon.colcon_core.package_identification:_identify(install) ignored
[5.547s] Level 1:colcon.colcon_core.package_identification:_identify(log) by extensions ['ignore', 'ignore_ament_install']
[5.547s] Level 1:colcon.colcon_core.package_identification:_identify(log) by extension 'ignore'
[5.548s] Level 1:colcon.colcon_core.package_identification:_identify(log) ignored
[5.549s] Level 1:colcon.colcon_core.package_identification:_identify(src) by extensions ['ignore', 'ignore_ament_install']
[5.550s] Level 1:colcon.colcon_core.package_identification:_identify(src) by extension 'ignore'
[5.550s] Level 1:colcon.colcon_core.package_identification:_identify(src) by extension 'ignore_ament_install'
[5.550s] Level 1:colcon.colcon_core.package_identification:_identify(src) by extensions ['colcon_pkg']
[5.550s] Level 1:colcon.colcon_core.package_identification:_identify(src) by extension 'colcon_pkg'
[5.550s] Level 1:colcon.colcon_core.package_identification:_identify(src) by extensions ['colcon_meta']
[5.550s] Level 1:colcon.colcon_core.package_identification:_identify(src) by extension 'colcon_meta'
[5.550s] Level 1:colcon.colcon_core.package_identification:_identify(src) by extensions ['ros']
[5.550s] Level 1:colcon.colcon_core.package_identification:_identify(src) by extension 'ros'
[5.551s] Level 1:colcon.colcon_core.package_identification:_identify(src) by extensions ['cmake', 'python']
[5.551s] Level 1:colcon.colcon_core.package_identification:_identify(src) by extension 'cmake'
[5.551s] Level 1:colcon.colcon_core.package_identification:_identify(src) by extension 'python'
[5.551s] Level 1:colcon.colcon_core.package_identification:_identify(src) by extensions ['python_setup_py']
[5.551s] Level 1:colcon.colcon_core.package_identification:_identify(src) by extension 'python_setup_py'
[5.552s] Level 1:colcon.colcon_core.package_identification:_identify(src/py_publisher) by extensions ['ignore', 'ignore_ament_install']
[5.552s] Level 1:colcon.colcon_core.package_identification:_identify(src/py_publisher) by extension 'ignore'
[5.553s] Level 1:colcon.colcon_core.package_identification:_identify(src/py_publisher) by extension 'ignore_ament_install'
[5.553s] Level 1:colcon.colcon_core.package_identification:_identify(src/py_publisher) by extensions ['colcon_pkg']
[5.553s] Level 1:colcon.colcon_core.package_identification:_identify(src/py_publisher) by extension 'colcon_pkg'
[5.553s] Level 1:colcon.colcon_core.package_identification:_identify(src/py_publisher) by extensions ['colcon_meta']
[5.553s] Level 1:colcon.colcon_core.package_identification:_identify(src/py_publisher) by extension 'colcon_meta'
[5.553s] Level 1:colcon.colcon_core.package_identification:_identify(src/py_publisher) by extensions ['ros']
[5.553s] Level 1:colcon.colcon_core.package_identification:_identify(src/py_publisher) by extension 'ros'
[5.565s] DEBUG:colcon.colcon_core.package_identification:Package 'src/py_publisher' with type 'ros.ament_python' and name 'py_publisher'
[5.566s] Level 1:colcon.colcon_core.package_discovery:discover_packages(recursive) using defaults
[5.566s] Level 1:colcon.colcon_core.package_discovery:discover_packages(ignore) discover
[5.566s] Level 1:colcon.colcon_core.package_discovery:discover_packages(ignore) using defaults
[5.566s] Level 1:colcon.colcon_core.package_discovery:discover_packages(path) discover
[5.566s] Level 1:colcon.colcon_core.package_discovery:discover_packages(path) using defaults
[5.958s] Level 1:colcon.colcon_core.package_discovery:discover_packages(prefix_path) check parameters
[5.958s] Level 1:colcon.colcon_core.package_discovery:discover_packages(prefix_path) discover
[6.077s] DEBUG:colcon.colcon_installed_package_information.package_discovery:Found 272 installed packages in /opt/ros/humble
[6.083s] Level 1:colcon.colcon_core.package_discovery:discover_packages(prefix_path) using defaults
[6.471s] Level 5:colcon.colcon_core.verb:set package 'py_publisher' build argument 'cmake_args' from command line to 'None'
[6.471s] Level 5:colcon.colcon_core.verb:set package 'py_publisher' build argument 'cmake_target' from command line to 'None'
[6.473s] Level 5:colcon.colcon_core.verb:set package 'py_publisher' build argument 'cmake_target_skip_unavailable' from command line to 'False'
[6.473s] Level 5:colcon.colcon_core.verb:set package 'py_publisher' build argument 'cmake_clean_cache' from command line to 'False'
[6.474s] Level 5:colcon.colcon_core.verb:set package 'py_publisher' build argument 'cmake_clean_first' from command line to 'False'
[6.474s] Level 5:colcon.colcon_core.verb:set package 'py_publisher' build argument 'cmake_force_configure' from command line to 'False'
[6.474s] Level 5:colcon.colcon_core.verb:set package 'py_publisher' build argument 'ament_cmake_args' from command line to 'None'
[6.475s] Level 5:colcon.colcon_core.verb:set package 'py_publisher' build argument 'catkin_cmake_args' from command line to 'None'
[6.475s] Level 5:colcon.colcon_core.verb:set package 'py_publisher' build argument 'catkin_skip_building_tests' from command line to 'False'
[6.476s] DEBUG:colcon.colcon_core.verb:Building package 'py_publisher' with the following arguments: {'ament_cmake_args': None, 'build_base': '/home/armega/ros2_ws/build/py_publisher', 'catkin_cmake_args': None, 'catkin_skip_building_tests': False, 'cmake_args': None, 'cmake_clean_cache': False, 'cmake_clean_first': False, 'cmake_force_configure': False, 'cmake_target': None, 'cmake_target_skip_unavailable': False, 'install_base': '/home/armega/ros2_ws/install/py_publisher', 'merge_install': False, 'path': '/home/armega/ros2_ws/src/py_publisher', 'symlink_install': False, 'test_result_base': None}
[6.541s] INFO:colcon.colcon_core.executor:Executing jobs using 'parallel' executor
[6.593s] DEBUG:colcon.colcon_parallel_executor.executor.parallel:run_until_complete
[6.594s] INFO:colcon.colcon_ros.task.ament_python.build:Building ROS package in '/home/armega/ros2_ws/src/py_publisher' with build type 'ament_python'
[6.595s] Level 1:colcon.colcon_core.shell:create_environment_hook('py_publisher', 'ament_prefix_path')
[6.676s] INFO:colcon.colcon_core.plugin_system:Skipping extension 'colcon_core.shell.bat': Not used on non-Windows systems
[6.677s] INFO:colcon.colcon_core.shell:Creating environment hook '/home/armega/ros2_ws/install/py_publisher/share/py_publisher/hook/ament_prefix_path.ps1'
[6.681s] INFO:colcon.colcon_core.shell:Creating environment descriptor '/home/armega/ros2_ws/install/py_publisher/share/py_publisher/hook/ament_prefix_path.dsv'
[6.683s] INFO:colcon.colcon_core.shell:Creating environment hook '/home/armega/ros2_ws/install/py_publisher/share/py_publisher/hook/ament_prefix_path.sh'
[6.743s] INFO:colcon.colcon_core.shell:Skip shell extension 'powershell' for command environment: Not usable outside of PowerShell
[6.743s] DEBUG:colcon.colcon_core.shell:Skip shell extension 'dsv' for command environment
[7.907s] INFO:colcon.colcon_core.task.python.build:Building Python package in '/home/armega/ros2_ws/src/py_publisher'
[7.984s] INFO:colcon.colcon_core.shell:Skip shell extension 'powershell' for command environment: Not usable outside of PowerShell
[7.985s] DEBUG:colcon.colcon_core.shell:Skip shell extension 'dsv' for command environment
[9.387s] DEBUG:colcon.colcon_core.event_handler.log_command:Invoking command in '/home/armega/ros2_ws/src/py_publisher': PYTHONPATH=/home/armega/ros2_ws/build/py_publisher/prefix_override:/home/armega/ros2_ws/install/py_publisher/lib/python3.10/site-packages:${PYTHONPATH} /usr/bin/python3 setup.py egg_info --egg-base ../../build/py_publisher build --build-base /home/armega/ros2_ws/build/py_publisher/build install --record /home/armega/ros2_ws/build/py_publisher/install.log --single-version-externally-managed
[10.447s] DEBUG:colcon.colcon_core.event_handler.log_command:Invoked command in '/home/armega/ros2_ws/src/py_publisher' returned '0': PYTHONPATH=/home/armega/ros2_ws/build/py_publisher/prefix_override:/home/armega/ros2_ws/install/py_publisher/lib/python3.10/site-packages:${PYTHONPATH} /usr/bin/python3 setup.py egg_info --egg-base ../../build/py_publisher build --build-base /home/armega/ros2_ws/build/py_publisher/build install --record /home/armega/ros2_ws/build/py_publisher/install.log --single-version-externally-managed
[10.543s] Level 1:colcon.colcon_core.environment:checking '/home/armega/ros2_ws/install/py_publisher' for CMake module files
[10.548s] Level 1:colcon.colcon_core.environment:checking '/home/armega/ros2_ws/install/py_publisher' for CMake config files
[10.554s] Level 1:colcon.colcon_core.environment:checking '/home/armega/ros2_ws/install/py_publisher/lib'
[10.554s] Level 1:colcon.colcon_core.environment:checking '/home/armega/ros2_ws/install/py_publisher/bin'
[10.555s] Level 1:colcon.colcon_core.environment:checking '/home/armega/ros2_ws/install/py_publisher/lib/pkgconfig/py_publisher.pc'
[10.555s] Level 1:colcon.colcon_core.environment:checking '/home/armega/ros2_ws/install/py_publisher/lib/python3.10/site-packages'
[10.555s] Level 1:colcon.colcon_core.shell:create_environment_hook('py_publisher', 'pythonpath')
[10.618s] INFO:colcon.colcon_core.shell:Creating environment hook '/home/armega/ros2_ws/install/py_publisher/share/py_publisher/hook/pythonpath.ps1'
[10.619s] INFO:colcon.colcon_core.shell:Creating environment descriptor '/home/armega/ros2_ws/install/py_publisher/share/py_publisher/hook/pythonpath.dsv'
[10.620s] INFO:colcon.colcon_core.shell:Creating environment hook '/home/armega/ros2_ws/install/py_publisher/share/py_publisher/hook/pythonpath.sh'
[10.622s] Level 1:colcon.colcon_core.environment:checking '/home/armega/ros2_ws/install/py_publisher/bin'
[10.622s] Level 1:colcon.colcon_core.environment:create_environment_scripts_only(py_publisher)
[10.674s] INFO:colcon.colcon_core.shell:Creating package script '/home/armega/ros2_ws/install/py_publisher/share/py_publisher/package.ps1'
[10.679s] INFO:colcon.colcon_core.shell:Creating package descriptor '/home/armega/ros2_ws/install/py_publisher/share/py_publisher/package.dsv'
[10.680s] INFO:colcon.colcon_core.shell:Creating package script '/home/armega/ros2_ws/install/py_publisher/share/py_publisher/package.sh'
[10.685s] INFO:colcon.colcon_core.shell:Creating package script '/home/armega/ros2_ws/install/py_publisher/share/py_publisher/package.bash'
[10.693s] INFO:colcon.colcon_core.shell:Creating package script '/home/armega/ros2_ws/install/py_publisher/share/py_publisher/package.zsh'
[10.697s] Level 1:colcon.colcon_core.environment:create_file_with_runtime_dependencies(/home/armega/ros2_ws/install/py_publisher/share/colcon-core/packages/py_publisher)
[10.698s] DEBUG:colcon.colcon_parallel_executor.executor.parallel:closing loop
[10.699s] DEBUG:colcon.colcon_parallel_executor.executor.parallel:loop closed
[10.700s] DEBUG:colcon.colcon_parallel_executor.executor.parallel:run_until_complete finished with '0'
[10.700s] DEBUG:colcon.colcon_core.event_reactor:joining thread
[10.809s] INFO:colcon.colcon_core.plugin_system:Skipping extension 'colcon_notification.desktop_notification.terminal_notifier': Not used on non-Darwin systems
[10.810s] INFO:colcon.colcon_core.plugin_system:Skipping extension 'colcon_notification.desktop_notification.win32': Not used on non-Windows systems
[10.810s] INFO:colcon.colcon_notification.desktop_notification:Sending desktop notification using 'notify2'
[10.907s] DEBUG:colcon.colcon_core.event_reactor:joined thread
[10.987s] INFO:colcon.colcon_core.shell:Creating prefix script '/home/armega/ros2_ws/install/local_setup.ps1'
[10.991s] INFO:colcon.colcon_core.shell:Creating prefix util module '/home/armega/ros2_ws/install/_local_setup_util_ps1.py'
[10.998s] INFO:colcon.colcon_core.shell:Creating prefix chain script '/home/armega/ros2_ws/install/setup.ps1'
[11.100s] INFO:colcon.colcon_core.shell:Creating prefix script '/home/armega/ros2_ws/install/local_setup.sh'
[11.102s] INFO:colcon.colcon_core.shell:Creating prefix util module '/home/armega/ros2_ws/install/_local_setup_util_sh.py'
[11.105s] INFO:colcon.colcon_core.shell:Creating prefix chain script '/home/armega/ros2_ws/install/setup.sh'
[11.199s] INFO:colcon.colcon_core.shell:Creating prefix script '/home/armega/ros2_ws/install/local_setup.bash'
[11.201s] INFO:colcon.colcon_core.shell:Creating prefix chain script '/home/armega/ros2_ws/install/setup.bash'
[11.268s] INFO:colcon.colcon_core.shell:Creating prefix script '/home/armega/ros2_ws/install/local_setup.zsh'
[11.270s] INFO:colcon.colcon_core.shell:Creating prefix chain script '/home/armega/ros2_ws/install/setup.zsh'
