<<<<<<< HEAD
/home/armega/ros2_ws/install/py_full_controller/lib/python3.10/site-packages/py_full_controller/__init__.py
/home/armega/ros2_ws/install/py_full_controller/lib/python3.10/site-packages/py_full_controller/fullControllerWindow_ui.py
/home/armega/ros2_ws/install/py_full_controller/lib/python3.10/site-packages/py_full_controller/fullControllerWindow_node.py
/home/armega/ros2_ws/install/py_full_controller/lib/python3.10/site-packages/py_full_controller/fullControllerWindow_logic.py
/home/armega/ros2_ws/install/py_full_controller/lib/python3.10/site-packages/py_full_controller/__pycache__/__init__.cpython-310.pyc
/home/armega/ros2_ws/install/py_full_controller/lib/python3.10/site-packages/py_full_controller/__pycache__/fullControllerWindow_ui.cpython-310.pyc
/home/armega/ros2_ws/install/py_full_controller/lib/python3.10/site-packages/py_full_controller/__pycache__/fullControllerWindow_node.cpython-310.pyc
/home/armega/ros2_ws/install/py_full_controller/lib/python3.10/site-packages/py_full_controller/__pycache__/fullControllerWindow_logic.cpython-310.pyc
/home/armega/ros2_ws/install/py_full_controller/share/ament_index/resource_index/packages/py_full_controller
/home/armega/ros2_ws/install/py_full_controller/share/py_full_controller/package.xml
/home/armega/ros2_ws/install/py_full_controller/lib/python3.10/site-packages/py_full_controller-0.0.0-py3.10.egg-info/zip-safe
/home/armega/ros2_ws/install/py_full_controller/lib/python3.10/site-packages/py_full_controller-0.0.0-py3.10.egg-info/PKG-INFO
/home/armega/ros2_ws/install/py_full_controller/lib/python3.10/site-packages/py_full_controller-0.0.0-py3.10.egg-info/dependency_links.txt
/home/armega/ros2_ws/install/py_full_controller/lib/python3.10/site-packages/py_full_controller-0.0.0-py3.10.egg-info/top_level.txt
/home/armega/ros2_ws/install/py_full_controller/lib/python3.10/site-packages/py_full_controller-0.0.0-py3.10.egg-info/entry_points.txt
/home/armega/ros2_ws/install/py_full_controller/lib/python3.10/site-packages/py_full_controller-0.0.0-py3.10.egg-info/SOURCES.txt
/home/armega/ros2_ws/install/py_full_controller/lib/python3.10/site-packages/py_full_controller-0.0.0-py3.10.egg-info/requires.txt
/home/armega/ros2_ws/install/py_full_controller/lib/py_full_controller/fullControllerWindow_subscriber
=======
/home/teo/ros2_ws/install/py_full_controller/lib/python3.10/site-packages/py_full_controller/fullControllerWindow_ui.py
/home/teo/ros2_ws/install/py_full_controller/lib/python3.10/site-packages/py_full_controller/fullControllerWindow_node.py
/home/teo/ros2_ws/install/py_full_controller/lib/python3.10/site-packages/py_full_controller/__init__.py
/home/teo/ros2_ws/install/py_full_controller/lib/python3.10/site-packages/py_full_controller/fullControllerWindow_logic.py
/home/teo/ros2_ws/install/py_full_controller/lib/python3.10/site-packages/py_full_controller/__pycache__/fullControllerWindow_ui.cpython-310.pyc
/home/teo/ros2_ws/install/py_full_controller/lib/python3.10/site-packages/py_full_controller/__pycache__/fullControllerWindow_node.cpython-310.pyc
/home/teo/ros2_ws/install/py_full_controller/lib/python3.10/site-packages/py_full_controller/__pycache__/__init__.cpython-310.pyc
/home/teo/ros2_ws/install/py_full_controller/lib/python3.10/site-packages/py_full_controller/__pycache__/fullControllerWindow_logic.cpython-310.pyc
/home/teo/ros2_ws/install/py_full_controller/share/ament_index/resource_index/packages/py_full_controller
/home/teo/ros2_ws/install/py_full_controller/share/py_full_controller/package.xml
/home/teo/ros2_ws/install/py_full_controller/lib/python3.10/site-packages/py_full_controller-0.0.0-py3.10.egg-info/requires.txt
/home/teo/ros2_ws/install/py_full_controller/lib/python3.10/site-packages/py_full_controller-0.0.0-py3.10.egg-info/dependency_links.txt
/home/teo/ros2_ws/install/py_full_controller/lib/python3.10/site-packages/py_full_controller-0.0.0-py3.10.egg-info/entry_points.txt
/home/teo/ros2_ws/install/py_full_controller/lib/python3.10/site-packages/py_full_controller-0.0.0-py3.10.egg-info/SOURCES.txt
/home/teo/ros2_ws/install/py_full_controller/lib/python3.10/site-packages/py_full_controller-0.0.0-py3.10.egg-info/PKG-INFO
/home/teo/ros2_ws/install/py_full_controller/lib/python3.10/site-packages/py_full_controller-0.0.0-py3.10.egg-info/zip-safe
/home/teo/ros2_ws/install/py_full_controller/lib/python3.10/site-packages/py_full_controller-0.0.0-py3.10.egg-info/top_level.txt
/home/teo/ros2_ws/install/py_full_controller/lib/py_full_controller/fullControllerWindow_subscriber
>>>>>>> d92c3554f6928d9df2252251f029ed7cc5ef935b
