running egg_info
creating ../../build/py_full_controller/py_full_controller.egg-info
writing ../../build/py_full_controller/py_full_controller.egg-info/PKG-INFO
writing dependency_links to ../../build/py_full_controller/py_full_controller.egg-info/dependency_links.txt
writing entry points to ../../build/py_full_controller/py_full_controller.egg-info/entry_points.txt
writing requirements to ../../build/py_full_controller/py_full_controller.egg-info/requires.txt
writing top-level names to ../../build/py_full_controller/py_full_controller.egg-info/top_level.txt
writing manifest file '../../build/py_full_controller/py_full_controller.egg-info/SOURCES.txt'
reading manifest file '../../build/py_full_controller/py_full_controller.egg-info/SOURCES.txt'
writing manifest file '../../build/py_full_controller/py_full_controller.egg-info/SOURCES.txt'
running build
running build_py
creating /home/teo/ros2_ws/build/py_full_controller/build
creating /home/teo/ros2_ws/build/py_full_controller/build/lib
creating /home/teo/ros2_ws/build/py_full_controller/build/lib/py_full_controller
copying py_full_controller/fullControllerWindow_ui.py -> /home/teo/ros2_ws/build/py_full_controller/build/lib/py_full_controller
copying py_full_controller/fullControllerWindow_node.py -> /home/teo/ros2_ws/build/py_full_controller/build/lib/py_full_controller
copying py_full_controller/__init__.py -> /home/teo/ros2_ws/build/py_full_controller/build/lib/py_full_controller
copying py_full_controller/fullControllerWindow_logic.py -> /home/teo/ros2_ws/build/py_full_controller/build/lib/py_full_controller
running install
/usr/lib/python3/dist-packages/setuptools/command/install.py:34: SetuptoolsDeprecationWarning: setup.py install is deprecated. Use build and pip and other standards-based tools.
  warnings.warn(
running install_lib
creating /home/teo/ros2_ws/install/py_full_controller/lib/python3.10/site-packages/py_full_controller
copying /home/teo/ros2_ws/build/py_full_controller/build/lib/py_full_controller/fullControllerWindow_ui.py -> /home/teo/ros2_ws/install/py_full_controller/lib/python3.10/site-packages/py_full_controller
copying /home/teo/ros2_ws/build/py_full_controller/build/lib/py_full_controller/fullControllerWindow_node.py -> /home/teo/ros2_ws/install/py_full_controller/lib/python3.10/site-packages/py_full_controller
copying /home/teo/ros2_ws/build/py_full_controller/build/lib/py_full_controller/__init__.py -> /home/teo/ros2_ws/install/py_full_controller/lib/python3.10/site-packages/py_full_controller
copying /home/teo/ros2_ws/build/py_full_controller/build/lib/py_full_controller/fullControllerWindow_logic.py -> /home/teo/ros2_ws/install/py_full_controller/lib/python3.10/site-packages/py_full_controller
byte-compiling /home/teo/ros2_ws/install/py_full_controller/lib/python3.10/site-packages/py_full_controller/fullControllerWindow_ui.py to fullControllerWindow_ui.cpython-310.pyc
byte-compiling /home/teo/ros2_ws/install/py_full_controller/lib/python3.10/site-packages/py_full_controller/fullControllerWindow_node.py to fullControllerWindow_node.cpython-310.pyc
byte-compiling /home/teo/ros2_ws/install/py_full_controller/lib/python3.10/site-packages/py_full_controller/__init__.py to __init__.cpython-310.pyc
byte-compiling /home/teo/ros2_ws/install/py_full_controller/lib/python3.10/site-packages/py_full_controller/fullControllerWindow_logic.py to fullControllerWindow_logic.cpython-310.pyc
running install_data
creating /home/teo/ros2_ws/install/py_full_controller/share/ament_index
creating /home/teo/ros2_ws/install/py_full_controller/share/ament_index/resource_index
creating /home/teo/ros2_ws/install/py_full_controller/share/ament_index/resource_index/packages
copying resource/py_full_controller -> /home/teo/ros2_ws/install/py_full_controller/share/ament_index/resource_index/packages
copying package.xml -> /home/teo/ros2_ws/install/py_full_controller/share/py_full_controller
running install_egg_info
Copying ../../build/py_full_controller/py_full_controller.egg-info to /home/teo/ros2_ws/install/py_full_controller/lib/python3.10/site-packages/py_full_controller-0.0.0-py3.10.egg-info
running install_scripts
writing list of installed files to '/home/teo/ros2_ws/build/py_full_controller/install.log'
