<<<<<<< HEAD
/home/armega/ros2_ws/install/py_publisher/lib/python3.10/site-packages/py_publisher/ventana_ui.py
/home/armega/ros2_ws/install/py_publisher/lib/python3.10/site-packages/py_publisher/__init__.py
/home/armega/ros2_ws/install/py_publisher/lib/python3.10/site-packages/py_publisher/logica_ventana.py
/home/armega/ros2_ws/install/py_publisher/lib/python3.10/site-packages/py_publisher/subscriber_member_function.py
/home/armega/ros2_ws/install/py_publisher/lib/python3.10/site-packages/py_publisher/py_slider/__init__.py
/home/armega/ros2_ws/install/py_publisher/lib/python3.10/site-packages/py_publisher/py_slider/py_slider.py
/home/armega/ros2_ws/install/py_publisher/lib/python3.10/site-packages/py_publisher/__pycache__/ventana_ui.cpython-310.pyc
/home/armega/ros2_ws/install/py_publisher/lib/python3.10/site-packages/py_publisher/__pycache__/__init__.cpython-310.pyc
/home/armega/ros2_ws/install/py_publisher/lib/python3.10/site-packages/py_publisher/__pycache__/logica_ventana.cpython-310.pyc
/home/armega/ros2_ws/install/py_publisher/lib/python3.10/site-packages/py_publisher/__pycache__/subscriber_member_function.cpython-310.pyc
/home/armega/ros2_ws/install/py_publisher/lib/python3.10/site-packages/py_publisher/py_slider/__pycache__/__init__.cpython-310.pyc
/home/armega/ros2_ws/install/py_publisher/lib/python3.10/site-packages/py_publisher/py_slider/__pycache__/py_slider.cpython-310.pyc
/home/armega/ros2_ws/install/py_publisher/share/ament_index/resource_index/packages/py_publisher
/home/armega/ros2_ws/install/py_publisher/share/py_publisher/package.xml
/home/armega/ros2_ws/install/py_publisher/lib/python3.10/site-packages/py_publisher-0.0.0-py3.10.egg-info/zip-safe
/home/armega/ros2_ws/install/py_publisher/lib/python3.10/site-packages/py_publisher-0.0.0-py3.10.egg-info/PKG-INFO
/home/armega/ros2_ws/install/py_publisher/lib/python3.10/site-packages/py_publisher-0.0.0-py3.10.egg-info/dependency_links.txt
/home/armega/ros2_ws/install/py_publisher/lib/python3.10/site-packages/py_publisher-0.0.0-py3.10.egg-info/top_level.txt
/home/armega/ros2_ws/install/py_publisher/lib/python3.10/site-packages/py_publisher-0.0.0-py3.10.egg-info/entry_points.txt
/home/armega/ros2_ws/install/py_publisher/lib/python3.10/site-packages/py_publisher-0.0.0-py3.10.egg-info/SOURCES.txt
/home/armega/ros2_ws/install/py_publisher/lib/python3.10/site-packages/py_publisher-0.0.0-py3.10.egg-info/requires.txt
/home/armega/ros2_ws/install/py_publisher/lib/py_publisher/hola
/home/armega/ros2_ws/install/py_publisher/lib/py_publisher/listener
=======
/home/teo/ros2_ws/install/py_publisher/lib/python3.10/site-packages/py_publisher/ventana_ui.py
/home/teo/ros2_ws/install/py_publisher/lib/python3.10/site-packages/py_publisher/subscriber_member_function.py
/home/teo/ros2_ws/install/py_publisher/lib/python3.10/site-packages/py_publisher/__init__.py
/home/teo/ros2_ws/install/py_publisher/lib/python3.10/site-packages/py_publisher/logica_ventana.py
/home/teo/ros2_ws/install/py_publisher/lib/python3.10/site-packages/py_publisher/py_slider/__init__.py
/home/teo/ros2_ws/install/py_publisher/lib/python3.10/site-packages/py_publisher/py_slider/py_slider.py
/home/teo/ros2_ws/install/py_publisher/lib/python3.10/site-packages/py_publisher/__pycache__/ventana_ui.cpython-310.pyc
/home/teo/ros2_ws/install/py_publisher/lib/python3.10/site-packages/py_publisher/__pycache__/subscriber_member_function.cpython-310.pyc
/home/teo/ros2_ws/install/py_publisher/lib/python3.10/site-packages/py_publisher/__pycache__/__init__.cpython-310.pyc
/home/teo/ros2_ws/install/py_publisher/lib/python3.10/site-packages/py_publisher/__pycache__/logica_ventana.cpython-310.pyc
/home/teo/ros2_ws/install/py_publisher/lib/python3.10/site-packages/py_publisher/py_slider/__pycache__/__init__.cpython-310.pyc
/home/teo/ros2_ws/install/py_publisher/lib/python3.10/site-packages/py_publisher/py_slider/__pycache__/py_slider.cpython-310.pyc
/home/teo/ros2_ws/install/py_publisher/share/ament_index/resource_index/packages/py_publisher
/home/teo/ros2_ws/install/py_publisher/share/py_publisher/package.xml
/home/teo/ros2_ws/install/py_publisher/lib/python3.10/site-packages/py_publisher-0.0.0-py3.10.egg-info/requires.txt
/home/teo/ros2_ws/install/py_publisher/lib/python3.10/site-packages/py_publisher-0.0.0-py3.10.egg-info/dependency_links.txt
/home/teo/ros2_ws/install/py_publisher/lib/python3.10/site-packages/py_publisher-0.0.0-py3.10.egg-info/entry_points.txt
/home/teo/ros2_ws/install/py_publisher/lib/python3.10/site-packages/py_publisher-0.0.0-py3.10.egg-info/SOURCES.txt
/home/teo/ros2_ws/install/py_publisher/lib/python3.10/site-packages/py_publisher-0.0.0-py3.10.egg-info/PKG-INFO
/home/teo/ros2_ws/install/py_publisher/lib/python3.10/site-packages/py_publisher-0.0.0-py3.10.egg-info/zip-safe
/home/teo/ros2_ws/install/py_publisher/lib/python3.10/site-packages/py_publisher-0.0.0-py3.10.egg-info/top_level.txt
/home/teo/ros2_ws/install/py_publisher/lib/py_publisher/hola
/home/teo/ros2_ws/install/py_publisher/lib/py_publisher/listener
>>>>>>> d92c3554f6928d9df2252251f029ed7cc5ef935b
