[2.027s] Invoking command in '/home/armega/ros2_ws/src/py_publisher': PYTHONPATH=/home/armega/ros2_ws/build/py_publisher/prefix_override:/home/armega/ros2_ws/install/py_publisher/lib/python3.10/site-packages:${PYTHONPATH} /usr/bin/python3 setup.py egg_info --egg-base ../../build/py_publisher build --build-base /home/armega/ros2_ws/build/py_publisher/build install --record /home/armega/ros2_ws/build/py_publisher/install.log --single-version-externally-managed
[2.641s] running egg_info
[2.646s] writing ../../build/py_publisher/py_publisher.egg-info/PKG-INFO
[2.646s] writing dependency_links to ../../build/py_publisher/py_publisher.egg-info/dependency_links.txt
[2.648s] writing entry points to ../../build/py_publisher/py_publisher.egg-info/entry_points.txt
[2.653s] writing requirements to ../../build/py_publisher/py_publisher.egg-info/requires.txt
[2.653s] writing top-level names to ../../build/py_publisher/py_publisher.egg-info/top_level.txt
[2.655s] reading manifest file '../../build/py_publisher/py_publisher.egg-info/SOURCES.txt'
[2.662s] writing manifest file '../../build/py_publisher/py_publisher.egg-info/SOURCES.txt'
[2.664s] running build
[2.664s] running build_py
[2.666s] copying py_publisher/logica_ventana.py -> /home/armega/ros2_ws/build/py_publisher/build/lib/py_publisher
[2.667s] running install
[2.672s] /usr/lib/python3/dist-packages/setuptools/command/install.py:34: SetuptoolsDeprecationWarning: setup.py install is deprecated. Use build and pip and other standards-based tools.
[2.672s]   warnings.warn(
[2.673s] running install_lib
[2.674s] copying /home/armega/ros2_ws/build/py_publisher/build/lib/py_publisher/logica_ventana.py -> /home/armega/ros2_ws/install/py_publisher/lib/python3.10/site-packages/py_publisher
[2.676s] byte-compiling /home/armega/ros2_ws/install/py_publisher/lib/python3.10/site-packages/py_publisher/logica_ventana.py to logica_ventana.cpython-310.pyc
[2.678s] running install_data
[2.679s] running install_egg_info
[2.683s] removing '/home/armega/ros2_ws/install/py_publisher/lib/python3.10/site-packages/py_publisher-0.0.0-py3.10.egg-info' (and everything under it)
[2.684s] Copying ../../build/py_publisher/py_publisher.egg-info to /home/armega/ros2_ws/install/py_publisher/lib/python3.10/site-packages/py_publisher-0.0.0-py3.10.egg-info
[2.686s] running install_scripts
[2.732s] Installing hola script to /home/armega/ros2_ws/install/py_publisher/lib/py_publisher
[2.733s] Installing listener script to /home/armega/ros2_ws/install/py_publisher/lib/py_publisher
[2.733s] writing list of installed files to '/home/armega/ros2_ws/build/py_publisher/install.log'
[2.790s] Invoked command in '/home/armega/ros2_ws/src/py_publisher' returned '0': PYTHONPATH=/home/armega/ros2_ws/build/py_publisher/prefix_override:/home/armega/ros2_ws/install/py_publisher/lib/python3.10/site-packages:${PYTHONPATH} /usr/bin/python3 setup.py egg_info --egg-base ../../build/py_publisher build --build-base /home/armega/ros2_ws/build/py_publisher/build install --record /home/armega/ros2_ws/build/py_publisher/install.log --single-version-externally-managed
