[1.796s] Invoking command in '/home/armega/ros2_ws/src/py_publisher': PYTHONPATH=/home/armega/ros2_ws/build/py_publisher/prefix_override:/home/armega/ros2_ws/install/py_publisher/lib/python3.10/site-packages:${PYTHONPATH} /usr/bin/python3 setup.py egg_info --egg-base ../../build/py_publisher build --build-base /home/armega/ros2_ws/build/py_publisher/build install --record /home/armega/ros2_ws/build/py_publisher/install.log --single-version-externally-managed
[2.333s] running egg_info
[2.336s] writing ../../build/py_publisher/py_publisher.egg-info/PKG-INFO
[2.337s] writing dependency_links to ../../build/py_publisher/py_publisher.egg-info/dependency_links.txt
[2.337s] writing entry points to ../../build/py_publisher/py_publisher.egg-info/entry_points.txt
[2.337s] writing requirements to ../../build/py_publisher/py_publisher.egg-info/requires.txt
[2.338s] writing top-level names to ../../build/py_publisher/py_publisher.egg-info/top_level.txt
[2.345s] reading manifest file '../../build/py_publisher/py_publisher.egg-info/SOURCES.txt'
[2.348s] writing manifest file '../../build/py_publisher/py_publisher.egg-info/SOURCES.txt'
[2.349s] running build
[2.349s] running build_py
[2.349s] running install
[2.350s] /usr/lib/python3/dist-packages/setuptools/command/install.py:34: SetuptoolsDeprecationWarning: setup.py install is deprecated. Use build and pip and other standards-based tools.
[2.350s]   warnings.warn(
[2.351s] running install_lib
[2.355s] running install_data
[2.356s] running install_egg_info
[2.358s] removing '/home/armega/ros2_ws/install/py_publisher/lib/python3.10/site-packages/py_publisher-0.0.0-py3.10.egg-info' (and everything under it)
[2.359s] Copying ../../build/py_publisher/py_publisher.egg-info to /home/armega/ros2_ws/install/py_publisher/lib/python3.10/site-packages/py_publisher-0.0.0-py3.10.egg-info
[2.361s] running install_scripts
[2.405s] Installing hola script to /home/armega/ros2_ws/install/py_publisher/lib/py_publisher
[2.406s] Installing listener script to /home/armega/ros2_ws/install/py_publisher/lib/py_publisher
[2.407s] writing list of installed files to '/home/armega/ros2_ws/build/py_publisher/install.log'
[2.460s] Invoked command in '/home/armega/ros2_ws/src/py_publisher' returned '0': PYTHONPATH=/home/armega/ros2_ws/build/py_publisher/prefix_override:/home/armega/ros2_ws/install/py_publisher/lib/python3.10/site-packages:${PYTHONPATH} /usr/bin/python3 setup.py egg_info --egg-base ../../build/py_publisher build --build-base /home/armega/ros2_ws/build/py_publisher/build install --record /home/armega/ros2_ws/build/py_publisher/install.log --single-version-externally-managed
