[2.123s] Invoking command in '/home/armega/ros2_ws/src/py_publisher': PYTHONPATH=/home/armega/ros2_ws/build/py_publisher/prefix_override:/home/armega/ros2_ws/install/py_publisher/lib/python3.10/site-packages:${PYTHONPATH} /usr/bin/python3 setup.py egg_info --egg-base ../../build/py_publisher build --build-base /home/armega/ros2_ws/build/py_publisher/build install --record /home/armega/ros2_ws/build/py_publisher/install.log --single-version-externally-managed
[2.733s] running egg_info
[2.734s] writing ../../build/py_publisher/py_publisher.egg-info/PKG-INFO
[2.734s] writing dependency_links to ../../build/py_publisher/py_publisher.egg-info/dependency_links.txt
[2.740s] writing entry points to ../../build/py_publisher/py_publisher.egg-info/entry_points.txt
[2.740s] writing requirements to ../../build/py_publisher/py_publisher.egg-info/requires.txt
[2.740s] writing top-level names to ../../build/py_publisher/py_publisher.egg-info/top_level.txt
[2.742s] reading manifest file '../../build/py_publisher/py_publisher.egg-info/SOURCES.txt'
[2.752s] writing manifest file '../../build/py_publisher/py_publisher.egg-info/SOURCES.txt'
[2.752s] running build
[2.752s] running build_py
[2.764s] running install
[2.764s] /usr/lib/python3/dist-packages/setuptools/command/install.py:34: SetuptoolsDeprecationWarning: setup.py install is deprecated. Use build and pip and other standards-based tools.
[2.765s]   warnings.warn(
[2.767s] running install_lib
[2.783s] running install_data
[2.788s] running install_egg_info
[2.801s] removing '/home/armega/ros2_ws/install/py_publisher/lib/python3.10/site-packages/py_publisher-0.0.0-py3.10.egg-info' (and everything under it)
[2.803s] Copying ../../build/py_publisher/py_publisher.egg-info to /home/armega/ros2_ws/install/py_publisher/lib/python3.10/site-packages/py_publisher-0.0.0-py3.10.egg-info
[2.810s] running install_scripts
[2.952s] Installing hola script to /home/armega/ros2_ws/install/py_publisher/lib/py_publisher
[2.953s] Installing listener script to /home/armega/ros2_ws/install/py_publisher/lib/py_publisher
[2.955s] writing list of installed files to '/home/armega/ros2_ws/build/py_publisher/install.log'
[3.096s] Invoked command in '/home/armega/ros2_ws/src/py_publisher' returned '0': PYTHONPATH=/home/armega/ros2_ws/build/py_publisher/prefix_override:/home/armega/ros2_ws/install/py_publisher/lib/python3.10/site-packages:${PYTHONPATH} /usr/bin/python3 setup.py egg_info --egg-base ../../build/py_publisher build --build-base /home/armega/ros2_ws/build/py_publisher/build install --record /home/armega/ros2_ws/build/py_publisher/install.log --single-version-externally-managed
