[1.369s] Invoking command in '/home/armega/ros2_ws/src/py_publisher': PYTHONPATH=/home/armega/ros2_ws/build/py_publisher/prefix_override:/home/armega/ros2_ws/install/py_publisher/lib/python3.10/site-packages:${PYTHONPATH} /usr/bin/python3 setup.py egg_info --egg-base ../../build/py_publisher build --build-base /home/armega/ros2_ws/build/py_publisher/build install --record /home/armega/ros2_ws/build/py_publisher/install.log --single-version-externally-managed
[1.716s] running egg_info
[1.717s] writing ../../build/py_publisher/py_publisher.egg-info/PKG-INFO
[1.718s] writing dependency_links to ../../build/py_publisher/py_publisher.egg-info/dependency_links.txt
[1.724s] writing entry points to ../../build/py_publisher/py_publisher.egg-info/entry_points.txt
[1.724s] writing requirements to ../../build/py_publisher/py_publisher.egg-info/requires.txt
[1.725s] writing top-level names to ../../build/py_publisher/py_publisher.egg-info/top_level.txt
[1.725s] reading manifest file '../../build/py_publisher/py_publisher.egg-info/SOURCES.txt'
[1.725s] writing manifest file '../../build/py_publisher/py_publisher.egg-info/SOURCES.txt'
[1.725s] running build
[1.725s] running build_py
[1.725s] running install
[1.726s] running install_lib
[1.732s] running install_data
[1.732s] running install_egg_info
[1.732s] removing '/home/armega/ros2_ws/install/py_publisher/lib/python3.10/site-packages/py_publisher-0.0.0-py3.10.egg-info' (and everything under it)
[1.732s] Copying ../../build/py_publisher/py_publisher.egg-info to /home/armega/ros2_ws/install/py_publisher/lib/python3.10/site-packages/py_publisher-0.0.0-py3.10.egg-info
[1.732s] running install_scripts
[1.732s] /usr/lib/python3/dist-packages/setuptools/command/install.py:34: SetuptoolsDeprecationWarning: setup.py install is deprecated. Use build and pip and other standards-based tools.
[1.733s]   warnings.warn(
[1.758s] Installing hola script to /home/armega/ros2_ws/install/py_publisher/lib/py_publisher
[1.759s] Installing listener script to /home/armega/ros2_ws/install/py_publisher/lib/py_publisher
[1.759s] writing list of installed files to '/home/armega/ros2_ws/build/py_publisher/install.log'
[1.799s] Invoked command in '/home/armega/ros2_ws/src/py_publisher' returned '0': PYTHONPATH=/home/armega/ros2_ws/build/py_publisher/prefix_override:/home/armega/ros2_ws/install/py_publisher/lib/python3.10/site-packages:${PYTHONPATH} /usr/bin/python3 setup.py egg_info --egg-base ../../build/py_publisher build --build-base /home/armega/ros2_ws/build/py_publisher/build install --record /home/armega/ros2_ws/build/py_publisher/install.log --single-version-externally-managed
