running egg_info
writing ../../build/py_full_controller/py_full_controller.egg-info/PKG-INFO
writing dependency_links to ../../build/py_full_controller/py_full_controller.egg-info/dependency_links.txt
writing entry points to ../../build/py_full_controller/py_full_controller.egg-info/entry_points.txt
writing requirements to ../../build/py_full_controller/py_full_controller.egg-info/requires.txt
writing top-level names to ../../build/py_full_controller/py_full_controller.egg-info/top_level.txt
reading manifest file '../../build/py_full_controller/py_full_controller.egg-info/SOURCES.txt'
writing manifest file '../../build/py_full_controller/py_full_controller.egg-info/SOURCES.txt'
running build
running build_py
copying py_full_controller/fullControllerWindow_ui.py -> /home/armega/ros2_ws/build/py_full_controller/build/lib/py_full_controller
copying py_full_controller/fullControllerWindow_logic.py -> /home/armega/ros2_ws/build/py_full_controller/build/lib/py_full_controller
running install
running install_lib
/usr/lib/python3/dist-packages/setuptools/command/install.py:34: SetuptoolsDeprecationWarning: setup.py install is deprecated. Use build and pip and other standards-based tools.
  warnings.warn(
copying /home/armega/ros2_ws/build/py_full_controller/build/lib/py_full_controller/fullControllerWindow_ui.py -> /home/armega/ros2_ws/install/py_full_controller/lib/python3.10/site-packages/py_full_controller
copying /home/armega/ros2_ws/build/py_full_controller/build/lib/py_full_controller/fullControllerWindow_logic.py -> /home/armega/ros2_ws/install/py_full_controller/lib/python3.10/site-packages/py_full_controller
byte-compiling /home/armega/ros2_ws/install/py_full_controller/lib/python3.10/site-packages/py_full_controller/fullControllerWindow_ui.py to fullControllerWindow_ui.cpython-310.pyc
byte-compiling /home/armega/ros2_ws/install/py_full_controller/lib/python3.10/site-packages/py_full_controller/fullControllerWindow_logic.py to fullControllerWindow_logic.cpython-310.pyc
running install_data
running install_egg_info
removing '/home/armega/ros2_ws/install/py_full_controller/lib/python3.10/site-packages/py_full_controller-0.0.0-py3.10.egg-info' (and everything under it)
Copying ../../build/py_full_controller/py_full_controller.egg-info to /home/armega/ros2_ws/install/py_full_controller/lib/python3.10/site-packages/py_full_controller-0.0.0-py3.10.egg-info
running install_scripts
Installing fullControllerWindow_subscriber script to /home/armega/ros2_ws/install/py_full_controller/lib/py_full_controller
writing list of installed files to '/home/armega/ros2_ws/build/py_full_controller/install.log'
