[0.814s] Invoking command in '/home/teo/ros2_ws/src/py_full_controller': PYTHONPATH=/home/teo/ros2_ws/build/py_full_controller/prefix_override:/home/teo/ros2_ws/install/py_full_controller/lib/python3.10/site-packages:${PYTHONPATH} /usr/bin/python3 setup.py egg_info --egg-base ../../build/py_full_controller build --build-base /home/teo/ros2_ws/build/py_full_controller/build install --record /home/teo/ros2_ws/build/py_full_controller/install.log --single-version-externally-managed
[0.999s] running egg_info
[1.000s] writing ../../build/py_full_controller/py_full_controller.egg-info/PKG-INFO
[1.000s] writing dependency_links to ../../build/py_full_controller/py_full_controller.egg-info/dependency_links.txt
[1.000s] writing entry points to ../../build/py_full_controller/py_full_controller.egg-info/entry_points.txt
[1.000s] writing requirements to ../../build/py_full_controller/py_full_controller.egg-info/requires.txt
[1.000s] writing top-level names to ../../build/py_full_controller/py_full_controller.egg-info/top_level.txt
[1.001s] reading manifest file '../../build/py_full_controller/py_full_controller.egg-info/SOURCES.txt'
[1.002s] writing manifest file '../../build/py_full_controller/py_full_controller.egg-info/SOURCES.txt'
[1.002s] running build
[1.002s] running build_py
[1.002s] running install
[1.002s] /usr/lib/python3/dist-packages/setuptools/command/install.py:34: SetuptoolsDeprecationWarning: setup.py install is deprecated. Use build and pip and other standards-based tools.
[1.002s]   warnings.warn(
[1.003s] running install_lib
[1.004s] running install_data
[1.004s] running install_egg_info
[1.005s] removing '/home/teo/ros2_ws/install/py_full_controller/lib/python3.10/site-packages/py_full_controller-0.0.0-py3.10.egg-info' (and everything under it)
[1.005s] Copying ../../build/py_full_controller/py_full_controller.egg-info to /home/teo/ros2_ws/install/py_full_controller/lib/python3.10/site-packages/py_full_controller-0.0.0-py3.10.egg-info
[1.006s] running install_scripts
[1.022s] writing list of installed files to '/home/teo/ros2_ws/build/py_full_controller/install.log'
[1.047s] Invoked command in '/home/teo/ros2_ws/src/py_full_controller' returned '0': PYTHONPATH=/home/teo/ros2_ws/build/py_full_controller/prefix_override:/home/teo/ros2_ws/install/py_full_controller/lib/python3.10/site-packages:${PYTHONPATH} /usr/bin/python3 setup.py egg_info --egg-base ../../build/py_full_controller build --build-base /home/teo/ros2_ws/build/py_full_controller/build install --record /home/teo/ros2_ws/build/py_full_controller/install.log --single-version-externally-managed
