[0.602s] Invoking command in '/home/teo/ros2_ws/src/py_publisher': PYTHONPATH=/home/teo/ros2_ws/build/py_publisher/prefix_override:/home/teo/ros2_ws/install/py_publisher/lib/python3.10/site-packages:${PYTHONPATH} /usr/bin/python3 setup.py egg_info --egg-base ../../build/py_publisher build --build-base /home/teo/ros2_ws/build/py_publisher/build install --record /home/teo/ros2_ws/build/py_publisher/install.log --single-version-externally-managed
[0.793s] running egg_info
[0.794s] writing ../../build/py_publisher/py_publisher.egg-info/PKG-INFO
[0.794s] writing dependency_links to ../../build/py_publisher/py_publisher.egg-info/dependency_links.txt
[0.794s] writing entry points to ../../build/py_publisher/py_publisher.egg-info/entry_points.txt
[0.794s] writing requirements to ../../build/py_publisher/py_publisher.egg-info/requires.txt
[0.794s] writing top-level names to ../../build/py_publisher/py_publisher.egg-info/top_level.txt
[0.795s] reading manifest file '../../build/py_publisher/py_publisher.egg-info/SOURCES.txt'
[0.796s] writing manifest file '../../build/py_publisher/py_publisher.egg-info/SOURCES.txt'
[0.796s] running build
[0.796s] running build_py
[0.796s] copying py_publisher/ventana_ui.py -> /home/teo/ros2_ws/build/py_publisher/build/lib/py_publisher
[0.797s] running install
[0.797s] /usr/lib/python3/dist-packages/setuptools/command/install.py:34: SetuptoolsDeprecationWarning: setup.py install is deprecated. Use build and pip and other standards-based tools.
[0.797s]   warnings.warn(
[0.797s] running install_lib
[0.798s] copying /home/teo/ros2_ws/build/py_publisher/build/lib/py_publisher/ventana_ui.py -> /home/teo/ros2_ws/install/py_publisher/lib/python3.10/site-packages/py_publisher
[0.798s] byte-compiling /home/teo/ros2_ws/install/py_publisher/lib/python3.10/site-packages/py_publisher/ventana_ui.py to ventana_ui.cpython-310.pyc
[0.802s] running install_data
[0.803s] running install_egg_info
[0.804s] removing '/home/teo/ros2_ws/install/py_publisher/lib/python3.10/site-packages/py_publisher-0.0.0-py3.10.egg-info' (and everything under it)
[0.804s] Copying ../../build/py_publisher/py_publisher.egg-info to /home/teo/ros2_ws/install/py_publisher/lib/python3.10/site-packages/py_publisher-0.0.0-py3.10.egg-info
[0.805s] running install_scripts
[0.821s] Installing hola script to /home/teo/ros2_ws/install/py_publisher/lib/py_publisher
[0.822s] Installing listener script to /home/teo/ros2_ws/install/py_publisher/lib/py_publisher
[0.822s] writing list of installed files to '/home/teo/ros2_ws/build/py_publisher/install.log'
[0.843s] Invoked command in '/home/teo/ros2_ws/src/py_publisher' returned '0': PYTHONPATH=/home/teo/ros2_ws/build/py_publisher/prefix_override:/home/teo/ros2_ws/install/py_publisher/lib/python3.10/site-packages:${PYTHONPATH} /usr/bin/python3 setup.py egg_info --egg-base ../../build/py_publisher build --build-base /home/teo/ros2_ws/build/py_publisher/build install --record /home/teo/ros2_ws/build/py_publisher/install.log --single-version-externally-managed
