[0.784s] Invoking command in '/home/teo/ros2_ws/src/py_publisher': PYTHONPATH=/home/teo/ros2_ws/build/py_publisher/prefix_override:/home/teo/ros2_ws/install/py_publisher/lib/python3.10/site-packages:${PYTHONPATH} /usr/bin/python3 setup.py egg_info --egg-base ../../build/py_publisher build --build-base /home/teo/ros2_ws/build/py_publisher/build install --record /home/teo/ros2_ws/build/py_publisher/install.log --single-version-externally-managed
[1.043s] running egg_info
[1.044s] writing ../../build/py_publisher/py_publisher.egg-info/PKG-INFO
[1.044s] writing dependency_links to ../../build/py_publisher/py_publisher.egg-info/dependency_links.txt
[1.044s] writing entry points to ../../build/py_publisher/py_publisher.egg-info/entry_points.txt
[1.044s] writing requirements to ../../build/py_publisher/py_publisher.egg-info/requires.txt
[1.045s] writing top-level names to ../../build/py_publisher/py_publisher.egg-info/top_level.txt
[1.046s] reading manifest file '../../build/py_publisher/py_publisher.egg-info/SOURCES.txt'
[1.047s] writing manifest file '../../build/py_publisher/py_publisher.egg-info/SOURCES.txt'
[1.047s] running build
[1.047s] running build_py
[1.047s] copying py_publisher/ventana_ui.py -> /home/teo/ros2_ws/build/py_publisher/build/lib/py_publisher
[1.048s] running install
[1.048s] /usr/lib/python3/dist-packages/setuptools/command/install.py:34: SetuptoolsDeprecationWarning: setup.py install is deprecated. Use build and pip and other standards-based tools.
[1.048s]   warnings.warn(
[1.048s] running install_lib
[1.049s] copying /home/teo/ros2_ws/build/py_publisher/build/lib/py_publisher/ventana_ui.py -> /home/teo/ros2_ws/install/py_publisher/lib/python3.10/site-packages/py_publisher
[1.050s] byte-compiling /home/teo/ros2_ws/install/py_publisher/lib/python3.10/site-packages/py_publisher/ventana_ui.py to ventana_ui.cpython-310.pyc
[1.052s] running install_data
[1.052s] running install_egg_info
[1.055s] removing '/home/teo/ros2_ws/install/py_publisher/lib/python3.10/site-packages/py_publisher-0.0.0-py3.10.egg-info' (and everything under it)
[1.056s] Copying ../../build/py_publisher/py_publisher.egg-info to /home/teo/ros2_ws/install/py_publisher/lib/python3.10/site-packages/py_publisher-0.0.0-py3.10.egg-info
[1.056s] running install_scripts
[1.080s] Installing hola script to /home/teo/ros2_ws/install/py_publisher/lib/py_publisher
[1.080s] Installing listener script to /home/teo/ros2_ws/install/py_publisher/lib/py_publisher
[1.080s] writing list of installed files to '/home/teo/ros2_ws/build/py_publisher/install.log'
[1.112s] Invoked command in '/home/teo/ros2_ws/src/py_publisher' returned '0': PYTHONPATH=/home/teo/ros2_ws/build/py_publisher/prefix_override:/home/teo/ros2_ws/install/py_publisher/lib/python3.10/site-packages:${PYTHONPATH} /usr/bin/python3 setup.py egg_info --egg-base ../../build/py_publisher build --build-base /home/teo/ros2_ws/build/py_publisher/build install --record /home/teo/ros2_ws/build/py_publisher/install.log --single-version-externally-managed
