[0.566s] Invoking command in '/home/teo/ros2_ws/src/py_publisher': PYTHONPATH=/home/teo/ros2_ws/build/py_publisher/prefix_override:/home/teo/ros2_ws/install/py_publisher/lib/python3.10/site-packages:${PYTHONPATH} /usr/bin/python3 setup.py egg_info --egg-base ../../build/py_publisher build --build-base /home/teo/ros2_ws/build/py_publisher/build install --record /home/teo/ros2_ws/build/py_publisher/install.log --single-version-externally-managed
[0.747s] running egg_info
[0.747s] writing ../../build/py_publisher/py_publisher.egg-info/PKG-INFO
[0.748s] writing dependency_links to ../../build/py_publisher/py_publisher.egg-info/dependency_links.txt
[0.748s] writing entry points to ../../build/py_publisher/py_publisher.egg-info/entry_points.txt
[0.748s] writing requirements to ../../build/py_publisher/py_publisher.egg-info/requires.txt
[0.748s] writing top-level names to ../../build/py_publisher/py_publisher.egg-info/top_level.txt
[0.749s] reading manifest file '../../build/py_publisher/py_publisher.egg-info/SOURCES.txt'
[0.750s] writing manifest file '../../build/py_publisher/py_publisher.egg-info/SOURCES.txt'
[0.750s] running build
[0.750s] running build_py
[0.750s] copying py_publisher/subscriber_member_function.py -> /home/teo/ros2_ws/build/py_publisher/build/lib/py_publisher
[0.751s] copying py_publisher/logica_ventana.py -> /home/teo/ros2_ws/build/py_publisher/build/lib/py_publisher
[0.751s] running install
[0.751s] /usr/lib/python3/dist-packages/setuptools/command/install.py:34: SetuptoolsDeprecationWarning: setup.py install is deprecated. Use build and pip and other standards-based tools.
[0.751s]   warnings.warn(
[0.751s] running install_lib
[0.751s] copying /home/teo/ros2_ws/build/py_publisher/build/lib/py_publisher/subscriber_member_function.py -> /home/teo/ros2_ws/install/py_publisher/lib/python3.10/site-packages/py_publisher
[0.752s] copying /home/teo/ros2_ws/build/py_publisher/build/lib/py_publisher/logica_ventana.py -> /home/teo/ros2_ws/install/py_publisher/lib/python3.10/site-packages/py_publisher
[0.752s] byte-compiling /home/teo/ros2_ws/install/py_publisher/lib/python3.10/site-packages/py_publisher/subscriber_member_function.py to subscriber_member_function.cpython-310.pyc
[0.753s] byte-compiling /home/teo/ros2_ws/install/py_publisher/lib/python3.10/site-packages/py_publisher/logica_ventana.py to logica_ventana.cpython-310.pyc
[0.754s] running install_data
[0.754s] running install_egg_info
[0.755s] removing '/home/teo/ros2_ws/install/py_publisher/lib/python3.10/site-packages/py_publisher-0.0.0-py3.10.egg-info' (and everything under it)
[0.756s] Copying ../../build/py_publisher/py_publisher.egg-info to /home/teo/ros2_ws/install/py_publisher/lib/python3.10/site-packages/py_publisher-0.0.0-py3.10.egg-info
[0.756s] running install_scripts
[0.772s] Installing hola script to /home/teo/ros2_ws/install/py_publisher/lib/py_publisher
[0.772s] Installing listener script to /home/teo/ros2_ws/install/py_publisher/lib/py_publisher
[0.772s] writing list of installed files to '/home/teo/ros2_ws/build/py_publisher/install.log'
[0.787s] Invoked command in '/home/teo/ros2_ws/src/py_publisher' returned '0': PYTHONPATH=/home/teo/ros2_ws/build/py_publisher/prefix_override:/home/teo/ros2_ws/install/py_publisher/lib/python3.10/site-packages:${PYTHONPATH} /usr/bin/python3 setup.py egg_info --egg-base ../../build/py_publisher build --build-base /home/teo/ros2_ws/build/py_publisher/build install --record /home/teo/ros2_ws/build/py_publisher/install.log --single-version-externally-managed
