[0.559s] Invoking command in '/home/teo/ros2_ws/src/py_publisher': PYTHONPATH=/home/teo/ros2_ws/build/py_publisher/prefix_override:/home/teo/ros2_ws/install/py_publisher/lib/python3.10/site-packages:${PYTHONPATH} /usr/bin/python3 setup.py egg_info --egg-base ../../build/py_publisher build --build-base /home/teo/ros2_ws/build/py_publisher/build install --record /home/teo/ros2_ws/build/py_publisher/install.log --single-version-externally-managed
[0.740s] running egg_info
[0.741s] writing ../../build/py_publisher/py_publisher.egg-info/PKG-INFO
[0.741s] writing dependency_links to ../../build/py_publisher/py_publisher.egg-info/dependency_links.txt
[0.741s] writing entry points to ../../build/py_publisher/py_publisher.egg-info/entry_points.txt
[0.741s] writing requirements to ../../build/py_publisher/py_publisher.egg-info/requires.txt
[0.741s] writing top-level names to ../../build/py_publisher/py_publisher.egg-info/top_level.txt
[0.744s] reading manifest file '../../build/py_publisher/py_publisher.egg-info/SOURCES.txt'
[0.745s] writing manifest file '../../build/py_publisher/py_publisher.egg-info/SOURCES.txt'
[0.745s] running build
[0.745s] running build_py
[0.745s] copying py_publisher/ventana_ui.py -> /home/teo/ros2_ws/build/py_publisher/build/lib/py_publisher
[0.746s] running install
[0.746s] /usr/lib/python3/dist-packages/setuptools/command/install.py:34: SetuptoolsDeprecationWarning: setup.py install is deprecated. Use build and pip and other standards-based tools.
[0.746s]   warnings.warn(
[0.746s] running install_lib
[0.747s] copying /home/teo/ros2_ws/build/py_publisher/build/lib/py_publisher/ventana_ui.py -> /home/teo/ros2_ws/install/py_publisher/lib/python3.10/site-packages/py_publisher
[0.747s] byte-compiling /home/teo/ros2_ws/install/py_publisher/lib/python3.10/site-packages/py_publisher/ventana_ui.py to ventana_ui.cpython-310.pyc
[0.751s] running install_data
[0.751s] running install_egg_info
[0.753s] removing '/home/teo/ros2_ws/install/py_publisher/lib/python3.10/site-packages/py_publisher-0.0.0-py3.10.egg-info' (and everything under it)
[0.753s] Copying ../../build/py_publisher/py_publisher.egg-info to /home/teo/ros2_ws/install/py_publisher/lib/python3.10/site-packages/py_publisher-0.0.0-py3.10.egg-info
[0.754s] running install_scripts
[0.770s] Installing hola script to /home/teo/ros2_ws/install/py_publisher/lib/py_publisher
[0.770s] Installing listener script to /home/teo/ros2_ws/install/py_publisher/lib/py_publisher
[0.770s] writing list of installed files to '/home/teo/ros2_ws/build/py_publisher/install.log'
[0.786s] Invoked command in '/home/teo/ros2_ws/src/py_publisher' returned '0': PYTHONPATH=/home/teo/ros2_ws/build/py_publisher/prefix_override:/home/teo/ros2_ws/install/py_publisher/lib/python3.10/site-packages:${PYTHONPATH} /usr/bin/python3 setup.py egg_info --egg-base ../../build/py_publisher build --build-base /home/teo/ros2_ws/build/py_publisher/build install --record /home/teo/ros2_ws/build/py_publisher/install.log --single-version-externally-managed
