[2.614s] Invoking command in '/home/armega/ros2_ws/src/py_publisher': PYTHONPATH=/home/armega/ros2_ws/build/py_publisher/prefix_override:/home/armega/ros2_ws/install/py_publisher/lib/python3.10/site-packages:${PYTHONPATH} /usr/bin/python3 setup.py egg_info --egg-base ../../build/py_publisher build --build-base /home/armega/ros2_ws/build/py_publisher/build install --record /home/armega/ros2_ws/build/py_publisher/install.log --single-version-externally-managed
[3.207s] running egg_info
[3.208s] writing ../../build/py_publisher/py_publisher.egg-info/PKG-INFO
[3.209s] writing dependency_links to ../../build/py_publisher/py_publisher.egg-info/dependency_links.txt
[3.209s] writing entry points to ../../build/py_publisher/py_publisher.egg-info/entry_points.txt
[3.210s] writing requirements to ../../build/py_publisher/py_publisher.egg-info/requires.txt
[3.210s] writing top-level names to ../../build/py_publisher/py_publisher.egg-info/top_level.txt
[3.214s] reading manifest file '../../build/py_publisher/py_publisher.egg-info/SOURCES.txt'
[3.217s] writing manifest file '../../build/py_publisher/py_publisher.egg-info/SOURCES.txt'
[3.217s] running build
[3.217s] running build_py
[3.218s] copying py_publisher/ventana_ui.py -> /home/armega/ros2_ws/build/py_publisher/build/lib/py_publisher
[3.219s] copying py_publisher/logica_ventana.py -> /home/armega/ros2_ws/build/py_publisher/build/lib/py_publisher
[3.219s] copying py_publisher/subscriber_member_function.py -> /home/armega/ros2_ws/build/py_publisher/build/lib/py_publisher
[3.221s] /usr/lib/python3/dist-packages/setuptools/command/install.py:34: SetuptoolsDeprecationWarning: setup.py install is deprecated. Use build and pip and other standards-based tools.
[3.221s]   warnings.warn(
[3.221s] running install
[3.222s] running install_lib
[3.223s] copying /home/armega/ros2_ws/build/py_publisher/build/lib/py_publisher/ventana_ui.py -> /home/armega/ros2_ws/install/py_publisher/lib/python3.10/site-packages/py_publisher
[3.227s] copying /home/armega/ros2_ws/build/py_publisher/build/lib/py_publisher/logica_ventana.py -> /home/armega/ros2_ws/install/py_publisher/lib/python3.10/site-packages/py_publisher
[3.228s] copying /home/armega/ros2_ws/build/py_publisher/build/lib/py_publisher/subscriber_member_function.py -> /home/armega/ros2_ws/install/py_publisher/lib/python3.10/site-packages/py_publisher
[3.229s] byte-compiling /home/armega/ros2_ws/install/py_publisher/lib/python3.10/site-packages/py_publisher/ventana_ui.py to ventana_ui.cpython-310.pyc
[3.234s] byte-compiling /home/armega/ros2_ws/install/py_publisher/lib/python3.10/site-packages/py_publisher/logica_ventana.py to logica_ventana.cpython-310.pyc
[3.236s] byte-compiling /home/armega/ros2_ws/install/py_publisher/lib/python3.10/site-packages/py_publisher/subscriber_member_function.py to subscriber_member_function.cpython-310.pyc
[3.245s] running install_data
[3.248s] running install_egg_info
[3.251s] removing '/home/armega/ros2_ws/install/py_publisher/lib/python3.10/site-packages/py_publisher-0.0.0-py3.10.egg-info' (and everything under it)
[3.262s] Copying ../../build/py_publisher/py_publisher.egg-info to /home/armega/ros2_ws/install/py_publisher/lib/python3.10/site-packages/py_publisher-0.0.0-py3.10.egg-info
[3.291s] running install_scripts
[3.364s] Installing hola script to /home/armega/ros2_ws/install/py_publisher/lib/py_publisher
[3.364s] Installing listener script to /home/armega/ros2_ws/install/py_publisher/lib/py_publisher
[3.365s] writing list of installed files to '/home/armega/ros2_ws/build/py_publisher/install.log'
[3.427s] Invoked command in '/home/armega/ros2_ws/src/py_publisher' returned '0': PYTHONPATH=/home/armega/ros2_ws/build/py_publisher/prefix_override:/home/armega/ros2_ws/install/py_publisher/lib/python3.10/site-packages:${PYTHONPATH} /usr/bin/python3 setup.py egg_info --egg-base ../../build/py_publisher build --build-base /home/armega/ros2_ws/build/py_publisher/build install --record /home/armega/ros2_ws/build/py_publisher/install.log --single-version-externally-managed
