[2.638s] Invoking command in '/home/armega/ros2_ws/src/py_publisher': PYTHONPATH=/home/armega/ros2_ws/build/py_publisher/prefix_override:/home/armega/ros2_ws/install/py_publisher/lib/python3.10/site-packages:${PYTHONPATH} /usr/bin/python3 setup.py egg_info --egg-base ../../build/py_publisher build --build-base /home/armega/ros2_ws/build/py_publisher/build install --record /home/armega/ros2_ws/build/py_publisher/install.log --single-version-externally-managed
[3.760s] running egg_info
[3.762s] writing ../../build/py_publisher/py_publisher.egg-info/PKG-INFO
[3.763s] writing dependency_links to ../../build/py_publisher/py_publisher.egg-info/dependency_links.txt
[3.764s] writing entry points to ../../build/py_publisher/py_publisher.egg-info/entry_points.txt
[3.764s] writing requirements to ../../build/py_publisher/py_publisher.egg-info/requires.txt
[3.765s] writing top-level names to ../../build/py_publisher/py_publisher.egg-info/top_level.txt
[3.771s] reading manifest file '../../build/py_publisher/py_publisher.egg-info/SOURCES.txt'
[3.776s] writing manifest file '../../build/py_publisher/py_publisher.egg-info/SOURCES.txt'
[3.776s] running build
[3.776s] running build_py
[3.777s] copying py_publisher/ventana_ui.py -> /home/armega/ros2_ws/build/py_publisher/build/lib/py_publisher
[3.777s] running install
[3.785s] /usr/lib/python3/dist-packages/setuptools/command/install.py:34: SetuptoolsDeprecationWarning: setup.py install is deprecated. Use build and pip and other standards-based tools.
[3.785s]   warnings.warn(
[3.786s] running install_lib
[3.788s] copying /home/armega/ros2_ws/build/py_publisher/build/lib/py_publisher/ventana_ui.py -> /home/armega/ros2_ws/install/py_publisher/lib/python3.10/site-packages/py_publisher
[3.789s] byte-compiling /home/armega/ros2_ws/install/py_publisher/lib/python3.10/site-packages/py_publisher/ventana_ui.py to ventana_ui.cpython-310.pyc
[3.809s] running install_data
[3.812s] running install_egg_info
[3.816s] removing '/home/armega/ros2_ws/install/py_publisher/lib/python3.10/site-packages/py_publisher-0.0.0-py3.10.egg-info' (and everything under it)
[3.820s] Copying ../../build/py_publisher/py_publisher.egg-info to /home/armega/ros2_ws/install/py_publisher/lib/python3.10/site-packages/py_publisher-0.0.0-py3.10.egg-info
[3.823s] running install_scripts
[3.878s] Installing hola script to /home/armega/ros2_ws/install/py_publisher/lib/py_publisher
[3.879s] Installing listener script to /home/armega/ros2_ws/install/py_publisher/lib/py_publisher
[3.880s] writing list of installed files to '/home/armega/ros2_ws/build/py_publisher/install.log'
[3.958s] Invoked command in '/home/armega/ros2_ws/src/py_publisher' returned '0': PYTHONPATH=/home/armega/ros2_ws/build/py_publisher/prefix_override:/home/armega/ros2_ws/install/py_publisher/lib/python3.10/site-packages:${PYTHONPATH} /usr/bin/python3 setup.py egg_info --egg-base ../../build/py_publisher build --build-base /home/armega/ros2_ws/build/py_publisher/build install --record /home/armega/ros2_ws/build/py_publisher/install.log --single-version-externally-managed
