[0.808s] Invoking command in '/home/teo/ros2_ws/src/py_publisher': PYTHONPATH=/home/teo/ros2_ws/build/py_publisher/prefix_override:/home/teo/ros2_ws/install/py_publisher/lib/python3.10/site-packages:${PYTHONPATH} /usr/bin/python3 setup.py egg_info --egg-base ../../build/py_publisher build --build-base /home/teo/ros2_ws/build/py_publisher/build install --record /home/teo/ros2_ws/build/py_publisher/install.log --single-version-externally-managed
[0.993s] running egg_info
[0.994s] writing ../../build/py_publisher/py_publisher.egg-info/PKG-INFO
[0.994s] writing dependency_links to ../../build/py_publisher/py_publisher.egg-info/dependency_links.txt
[0.994s] writing entry points to ../../build/py_publisher/py_publisher.egg-info/entry_points.txt
[0.995s] writing requirements to ../../build/py_publisher/py_publisher.egg-info/requires.txt
[0.995s] writing top-level names to ../../build/py_publisher/py_publisher.egg-info/top_level.txt
[0.996s] reading manifest file '../../build/py_publisher/py_publisher.egg-info/SOURCES.txt'
[0.997s] writing manifest file '../../build/py_publisher/py_publisher.egg-info/SOURCES.txt'
[0.997s] running build
[0.997s] running build_py
[0.997s] running install
[0.997s] /usr/lib/python3/dist-packages/setuptools/command/install.py:34: SetuptoolsDeprecationWarning: setup.py install is deprecated. Use build and pip and other standards-based tools.
[0.997s]   warnings.warn(
[0.998s] running install_lib
[0.999s] running install_data
[0.999s] running install_egg_info
[1.000s] removing '/home/teo/ros2_ws/install/py_publisher/lib/python3.10/site-packages/py_publisher-0.0.0-py3.10.egg-info' (and everything under it)
[1.000s] Copying ../../build/py_publisher/py_publisher.egg-info to /home/teo/ros2_ws/install/py_publisher/lib/python3.10/site-packages/py_publisher-0.0.0-py3.10.egg-info
[1.001s] running install_scripts
[1.018s] Installing hola script to /home/teo/ros2_ws/install/py_publisher/lib/py_publisher
[1.018s] Installing listener script to /home/teo/ros2_ws/install/py_publisher/lib/py_publisher
[1.018s] writing list of installed files to '/home/teo/ros2_ws/build/py_publisher/install.log'
[1.035s] Invoked command in '/home/teo/ros2_ws/src/py_publisher' returned '0': PYTHONPATH=/home/teo/ros2_ws/build/py_publisher/prefix_override:/home/teo/ros2_ws/install/py_publisher/lib/python3.10/site-packages:${PYTHONPATH} /usr/bin/python3 setup.py egg_info --egg-base ../../build/py_publisher build --build-base /home/teo/ros2_ws/build/py_publisher/build install --record /home/teo/ros2_ws/build/py_publisher/install.log --single-version-externally-managed
