[0.797s] Invoking command in '/home/teo/ros2_ws/src/py_publisher': PYTHONPATH=/home/teo/ros2_ws/build/py_publisher/prefix_override:/home/teo/ros2_ws/install/py_publisher/lib/python3.10/site-packages:${PYTHONPATH} /usr/bin/python3 setup.py egg_info --egg-base ../../build/py_publisher build --build-base /home/teo/ros2_ws/build/py_publisher/build install --record /home/teo/ros2_ws/build/py_publisher/install.log --single-version-externally-managed
[0.976s] running egg_info
[0.976s] writing ../../build/py_publisher/py_publisher.egg-info/PKG-INFO
[0.977s] writing dependency_links to ../../build/py_publisher/py_publisher.egg-info/dependency_links.txt
[0.977s] writing entry points to ../../build/py_publisher/py_publisher.egg-info/entry_points.txt
[0.977s] writing requirements to ../../build/py_publisher/py_publisher.egg-info/requires.txt
[0.977s] writing top-level names to ../../build/py_publisher/py_publisher.egg-info/top_level.txt
[0.978s] reading manifest file '../../build/py_publisher/py_publisher.egg-info/SOURCES.txt'
[0.979s] writing manifest file '../../build/py_publisher/py_publisher.egg-info/SOURCES.txt'
[0.979s] running build
[0.979s] running build_py
[0.979s] copying py_publisher/ventana_ui.py -> /home/teo/ros2_ws/build/py_publisher/build/lib/py_publisher
[0.980s] copying py_publisher/logica_ventana.py -> /home/teo/ros2_ws/build/py_publisher/build/lib/py_publisher
[0.980s] running install
[0.980s] /usr/lib/python3/dist-packages/setuptools/command/install.py:34: SetuptoolsDeprecationWarning: setup.py install is deprecated. Use build and pip and other standards-based tools.
[0.980s]   warnings.warn(
[0.980s] running install_lib
[0.981s] copying /home/teo/ros2_ws/build/py_publisher/build/lib/py_publisher/ventana_ui.py -> /home/teo/ros2_ws/install/py_publisher/lib/python3.10/site-packages/py_publisher
[0.981s] copying /home/teo/ros2_ws/build/py_publisher/build/lib/py_publisher/logica_ventana.py -> /home/teo/ros2_ws/install/py_publisher/lib/python3.10/site-packages/py_publisher
[0.982s] byte-compiling /home/teo/ros2_ws/install/py_publisher/lib/python3.10/site-packages/py_publisher/ventana_ui.py to ventana_ui.cpython-310.pyc
[0.985s] byte-compiling /home/teo/ros2_ws/install/py_publisher/lib/python3.10/site-packages/py_publisher/logica_ventana.py to logica_ventana.cpython-310.pyc
[0.986s] running install_data
[0.987s] running install_egg_info
[0.988s] removing '/home/teo/ros2_ws/install/py_publisher/lib/python3.10/site-packages/py_publisher-0.0.0-py3.10.egg-info' (and everything under it)
[0.988s] Copying ../../build/py_publisher/py_publisher.egg-info to /home/teo/ros2_ws/install/py_publisher/lib/python3.10/site-packages/py_publisher-0.0.0-py3.10.egg-info
[0.989s] running install_scripts
[1.005s] Installing hola script to /home/teo/ros2_ws/install/py_publisher/lib/py_publisher
[1.005s] Installing listener script to /home/teo/ros2_ws/install/py_publisher/lib/py_publisher
[1.005s] writing list of installed files to '/home/teo/ros2_ws/build/py_publisher/install.log'
[1.024s] Invoked command in '/home/teo/ros2_ws/src/py_publisher' returned '0': PYTHONPATH=/home/teo/ros2_ws/build/py_publisher/prefix_override:/home/teo/ros2_ws/install/py_publisher/lib/python3.10/site-packages:${PYTHONPATH} /usr/bin/python3 setup.py egg_info --egg-base ../../build/py_publisher build --build-base /home/teo/ros2_ws/build/py_publisher/build install --record /home/teo/ros2_ws/build/py_publisher/install.log --single-version-externally-managed
