[1.679s] Invoking command in '/home/armega/ros2_ws/src/py_full_controller': PYTHONPATH=/home/armega/ros2_ws/build/py_full_controller/prefix_override:/home/armega/ros2_ws/install/py_full_controller/lib/python3.10/site-packages:${PYTHONPATH} /usr/bin/python3 setup.py egg_info --egg-base ../../build/py_full_controller build --build-base /home/armega/ros2_ws/build/py_full_controller/build install --record /home/armega/ros2_ws/build/py_full_controller/install.log --single-version-externally-managed
[1.991s] running egg_info
[1.993s] writing ../../build/py_full_controller/py_full_controller.egg-info/PKG-INFO
[1.994s] writing dependency_links to ../../build/py_full_controller/py_full_controller.egg-info/dependency_links.txt
[1.997s] writing entry points to ../../build/py_full_controller/py_full_controller.egg-info/entry_points.txt
[1.997s] writing requirements to ../../build/py_full_controller/py_full_controller.egg-info/requires.txt
[1.997s] writing top-level names to ../../build/py_full_controller/py_full_controller.egg-info/top_level.txt
[2.007s] reading manifest file '../../build/py_full_controller/py_full_controller.egg-info/SOURCES.txt'
[2.007s] writing manifest file '../../build/py_full_controller/py_full_controller.egg-info/SOURCES.txt'
[2.007s] running build
[2.007s] running build_py
[2.008s] copying py_full_controller/fullControllerWindow_ui.py -> /home/armega/ros2_ws/build/py_full_controller/build/lib/py_full_controller
[2.008s] /usr/lib/python3/dist-packages/setuptools/command/install.py:34: SetuptoolsDeprecationWarning: setup.py install is deprecated. Use build and pip and other standards-based tools.
[2.008s]   warnings.warn(
[2.008s] running install
[2.008s] running install_lib
[2.008s] copying /home/armega/ros2_ws/build/py_full_controller/build/lib/py_full_controller/fullControllerWindow_ui.py -> /home/armega/ros2_ws/install/py_full_controller/lib/python3.10/site-packages/py_full_controller
[2.009s] byte-compiling /home/armega/ros2_ws/install/py_full_controller/lib/python3.10/site-packages/py_full_controller/fullControllerWindow_ui.py to fullControllerWindow_ui.cpython-310.pyc
[2.017s] running install_data
[2.017s] running install_egg_info
[2.020s] removing '/home/armega/ros2_ws/install/py_full_controller/lib/python3.10/site-packages/py_full_controller-0.0.0-py3.10.egg-info' (and everything under it)
[2.031s] Copying ../../build/py_full_controller/py_full_controller.egg-info to /home/armega/ros2_ws/install/py_full_controller/lib/python3.10/site-packages/py_full_controller-0.0.0-py3.10.egg-info
[2.031s] running install_scripts
[2.056s] Installing fullControllerWindow_subscriber script to /home/armega/ros2_ws/install/py_full_controller/lib/py_full_controller
[2.059s] writing list of installed files to '/home/armega/ros2_ws/build/py_full_controller/install.log'
[2.140s] Invoked command in '/home/armega/ros2_ws/src/py_full_controller' returned '0': PYTHONPATH=/home/armega/ros2_ws/build/py_full_controller/prefix_override:/home/armega/ros2_ws/install/py_full_controller/lib/python3.10/site-packages:${PYTHONPATH} /usr/bin/python3 setup.py egg_info --egg-base ../../build/py_full_controller build --build-base /home/armega/ros2_ws/build/py_full_controller/build install --record /home/armega/ros2_ws/build/py_full_controller/install.log --single-version-externally-managed
