running egg_info
creating ../../build/py_publisher/py_publisher.egg-info
writing ../../build/py_publisher/py_publisher.egg-info/PKG-INFO
writing dependency_links to ../../build/py_publisher/py_publisher.egg-info/dependency_links.txt
writing entry points to ../../build/py_publisher/py_publisher.egg-info/entry_points.txt
writing requirements to ../../build/py_publisher/py_publisher.egg-info/requires.txt
writing top-level names to ../../build/py_publisher/py_publisher.egg-info/top_level.txt
writing manifest file '../../build/py_publisher/py_publisher.egg-info/SOURCES.txt'
reading manifest file '../../build/py_publisher/py_publisher.egg-info/SOURCES.txt'
writing manifest file '../../build/py_publisher/py_publisher.egg-info/SOURCES.txt'
running build
running build_py
creating /home/teo/ros2_ws/build/py_publisher/build
creating /home/teo/ros2_ws/build/py_publisher/build/lib
creating /home/teo/ros2_ws/build/py_publisher/build/lib/py_publisher
copying py_publisher/subscriber_member_function.py -> /home/teo/ros2_ws/build/py_publisher/build/lib/py_publisher
copying py_publisher/__init__.py -> /home/teo/ros2_ws/build/py_publisher/build/lib/py_publisher
running install
running install_lib
creating /home/teo/ros2_ws/install/py_publisher/lib/python3.10/site-packages/py_publisher
copying /home/teo/ros2_ws/build/py_publisher/build/lib/py_publisher/subscriber_member_function.py -> /home/teo/ros2_ws/install/py_publisher/lib/python3.10/site-packages/py_publisher
copying /home/teo/ros2_ws/build/py_publisher/build/lib/py_publisher/__init__.py -> /home/teo/ros2_ws/install/py_publisher/lib/python3.10/site-packages/py_publisher
byte-compiling /home/teo/ros2_ws/install/py_publisher/lib/python3.10/site-packages/py_publisher/subscriber_member_function.py to subscriber_member_function.cpython-310.pyc
byte-compiling /home/teo/ros2_ws/install/py_publisher/lib/python3.10/site-packages/py_publisher/__init__.py to __init__.cpython-310.pyc
running install_data
creating /home/teo/ros2_ws/install/py_publisher/share/ament_index
creating /home/teo/ros2_ws/install/py_publisher/share/ament_index/resource_index
creating /home/teo/ros2_ws/install/py_publisher/share/ament_index/resource_index/packages
copying resource/py_publisher -> /home/teo/ros2_ws/install/py_publisher/share/ament_index/resource_index/packages
copying package.xml -> /home/teo/ros2_ws/install/py_publisher/share/py_publisher
running install_egg_info
Copying ../../build/py_publisher/py_publisher.egg-info to /home/teo/ros2_ws/install/py_publisher/lib/python3.10/site-packages/py_publisher-0.0.0-py3.10.egg-info
running install_scripts
Installing subscriber script to /home/teo/ros2_ws/install/py_publisher/lib/py_publisher
writing list of installed files to '/home/teo/ros2_ws/build/py_publisher/install.log'
