[0.546s] Invoking command in '/home/teo/ros2_ws/src/py_publisher': PYTHONPATH=/home/teo/ros2_ws/build/py_publisher/prefix_override:/home/teo/ros2_ws/install/py_publisher/lib/python3.10/site-packages:${PYTHONPATH} /usr/bin/python3 setup.py egg_info --egg-base ../../build/py_publisher build --build-base /home/teo/ros2_ws/build/py_publisher/build install --record /home/teo/ros2_ws/build/py_publisher/install.log --single-version-externally-managed
[0.720s] running egg_info
[0.721s] creating ../../build/py_publisher/py_publisher.egg-info
[0.721s] writing ../../build/py_publisher/py_publisher.egg-info/PKG-INFO
[0.721s] writing dependency_links to ../../build/py_publisher/py_publisher.egg-info/dependency_links.txt
[0.721s] writing entry points to ../../build/py_publisher/py_publisher.egg-info/entry_points.txt
[0.721s] writing requirements to ../../build/py_publisher/py_publisher.egg-info/requires.txt
[0.722s] writing top-level names to ../../build/py_publisher/py_publisher.egg-info/top_level.txt
[0.722s] writing manifest file '../../build/py_publisher/py_publisher.egg-info/SOURCES.txt'
[0.723s] reading manifest file '../../build/py_publisher/py_publisher.egg-info/SOURCES.txt'
[0.723s] writing manifest file '../../build/py_publisher/py_publisher.egg-info/SOURCES.txt'
[0.723s] running build
[0.724s] running build_py
[0.724s] creating /home/teo/ros2_ws/build/py_publisher/build
[0.724s] creating /home/teo/ros2_ws/build/py_publisher/build/lib
[0.724s] creating /home/teo/ros2_ws/build/py_publisher/build/lib/py_publisher
[0.724s] copying py_publisher/subscriber_member_function.py -> /home/teo/ros2_ws/build/py_publisher/build/lib/py_publisher
[0.724s] copying py_publisher/__init__.py -> /home/teo/ros2_ws/build/py_publisher/build/lib/py_publisher
[0.724s] running install
[0.725s] /usr/lib/python3/dist-packages/setuptools/command/install.py:34: SetuptoolsDeprecationWarning: setup.py install is deprecated. Use build and pip and other standards-based tools.
[0.725s]   warnings.warn(
[0.725s] running install_lib
[0.725s] creating /home/teo/ros2_ws/install/py_publisher/lib/python3.10/site-packages/py_publisher
[0.725s] copying /home/teo/ros2_ws/build/py_publisher/build/lib/py_publisher/subscriber_member_function.py -> /home/teo/ros2_ws/install/py_publisher/lib/python3.10/site-packages/py_publisher
[0.726s] copying /home/teo/ros2_ws/build/py_publisher/build/lib/py_publisher/__init__.py -> /home/teo/ros2_ws/install/py_publisher/lib/python3.10/site-packages/py_publisher
[0.726s] byte-compiling /home/teo/ros2_ws/install/py_publisher/lib/python3.10/site-packages/py_publisher/subscriber_member_function.py to subscriber_member_function.cpython-310.pyc
[0.726s] byte-compiling /home/teo/ros2_ws/install/py_publisher/lib/python3.10/site-packages/py_publisher/__init__.py to __init__.cpython-310.pyc
[0.726s] running install_data
[0.727s] creating /home/teo/ros2_ws/install/py_publisher/share/ament_index
[0.727s] creating /home/teo/ros2_ws/install/py_publisher/share/ament_index/resource_index
[0.727s] creating /home/teo/ros2_ws/install/py_publisher/share/ament_index/resource_index/packages
[0.727s] copying resource/py_publisher -> /home/teo/ros2_ws/install/py_publisher/share/ament_index/resource_index/packages
[0.727s] copying package.xml -> /home/teo/ros2_ws/install/py_publisher/share/py_publisher
[0.727s] running install_egg_info
[0.728s] Copying ../../build/py_publisher/py_publisher.egg-info to /home/teo/ros2_ws/install/py_publisher/lib/python3.10/site-packages/py_publisher-0.0.0-py3.10.egg-info
[0.729s] running install_scripts
[0.745s] Installing subscriber script to /home/teo/ros2_ws/install/py_publisher/lib/py_publisher
[0.745s] writing list of installed files to '/home/teo/ros2_ws/build/py_publisher/install.log'
[0.761s] Invoked command in '/home/teo/ros2_ws/src/py_publisher' returned '0': PYTHONPATH=/home/teo/ros2_ws/build/py_publisher/prefix_override:/home/teo/ros2_ws/install/py_publisher/lib/python3.10/site-packages:${PYTHONPATH} /usr/bin/python3 setup.py egg_info --egg-base ../../build/py_publisher build --build-base /home/teo/ros2_ws/build/py_publisher/build install --record /home/teo/ros2_ws/build/py_publisher/install.log --single-version-externally-managed
