[1.029s] Invoking command in '/home/teo/ros2_ws/src/py_publisher': PYTHONPATH=/home/teo/ros2_ws/build/py_publisher/prefix_override:/home/teo/ros2_ws/install/py_publisher/lib/python3.10/site-packages:${PYTHONPATH} /usr/bin/python3 setup.py egg_info --egg-base ../../build/py_publisher build --build-base /home/teo/ros2_ws/build/py_publisher/build install --record /home/teo/ros2_ws/build/py_publisher/install.log --single-version-externally-managed
[1.345s] running egg_info
[1.345s] writing ../../build/py_publisher/py_publisher.egg-info/PKG-INFO
[1.345s] writing dependency_links to ../../build/py_publisher/py_publisher.egg-info/dependency_links.txt
[1.346s] writing entry points to ../../build/py_publisher/py_publisher.egg-info/entry_points.txt
[1.346s] writing requirements to ../../build/py_publisher/py_publisher.egg-info/requires.txt
[1.346s] writing top-level names to ../../build/py_publisher/py_publisher.egg-info/top_level.txt
[1.348s] reading manifest file '../../build/py_publisher/py_publisher.egg-info/SOURCES.txt'
[1.350s] writing manifest file '../../build/py_publisher/py_publisher.egg-info/SOURCES.txt'
[1.350s] running build
[1.350s] running build_py
[1.350s] copying py_publisher/logica_ventana.py -> /home/teo/ros2_ws/build/py_publisher/build/lib/py_publisher
[1.351s] running install
[1.351s] /usr/lib/python3/dist-packages/setuptools/command/install.py:34: SetuptoolsDeprecationWarning: setup.py install is deprecated. Use build and pip and other standards-based tools.
[1.351s]   warnings.warn(
[1.351s] running install_lib
[1.352s] copying /home/teo/ros2_ws/build/py_publisher/build/lib/py_publisher/logica_ventana.py -> /home/teo/ros2_ws/install/py_publisher/lib/python3.10/site-packages/py_publisher
[1.353s] byte-compiling /home/teo/ros2_ws/install/py_publisher/lib/python3.10/site-packages/py_publisher/logica_ventana.py to logica_ventana.cpython-310.pyc
[1.356s] running install_data
[1.357s] running install_egg_info
[1.360s] removing '/home/teo/ros2_ws/install/py_publisher/lib/python3.10/site-packages/py_publisher-0.0.0-py3.10.egg-info' (and everything under it)
[1.360s] Copying ../../build/py_publisher/py_publisher.egg-info to /home/teo/ros2_ws/install/py_publisher/lib/python3.10/site-packages/py_publisher-0.0.0-py3.10.egg-info
[1.361s] running install_scripts
[1.393s] Installing hola script to /home/teo/ros2_ws/install/py_publisher/lib/py_publisher
[1.394s] Installing listener script to /home/teo/ros2_ws/install/py_publisher/lib/py_publisher
[1.394s] writing list of installed files to '/home/teo/ros2_ws/build/py_publisher/install.log'
[1.451s] Invoked command in '/home/teo/ros2_ws/src/py_publisher' returned '0': PYTHONPATH=/home/teo/ros2_ws/build/py_publisher/prefix_override:/home/teo/ros2_ws/install/py_publisher/lib/python3.10/site-packages:${PYTHONPATH} /usr/bin/python3 setup.py egg_info --egg-base ../../build/py_publisher build --build-base /home/teo/ros2_ws/build/py_publisher/build install --record /home/teo/ros2_ws/build/py_publisher/install.log --single-version-externally-managed
