[0.646s] Invoking command in '/home/teo/ros2_ws/src/py_publisher': PYTHONPATH=/home/teo/ros2_ws/build/py_publisher/prefix_override:/home/teo/ros2_ws/install/py_publisher/lib/python3.10/site-packages:${PYTHONPATH} /usr/bin/python3 setup.py egg_info --egg-base ../../build/py_publisher build --build-base /home/teo/ros2_ws/build/py_publisher/build install --record /home/teo/ros2_ws/build/py_publisher/install.log --single-version-externally-managed
[0.844s] running egg_info
[0.845s] writing ../../build/py_publisher/py_publisher.egg-info/PKG-INFO
[0.845s] writing dependency_links to ../../build/py_publisher/py_publisher.egg-info/dependency_links.txt
[0.845s] writing entry points to ../../build/py_publisher/py_publisher.egg-info/entry_points.txt
[0.845s] writing requirements to ../../build/py_publisher/py_publisher.egg-info/requires.txt
[0.845s] writing top-level names to ../../build/py_publisher/py_publisher.egg-info/top_level.txt
[0.847s] reading manifest file '../../build/py_publisher/py_publisher.egg-info/SOURCES.txt'
[0.848s] writing manifest file '../../build/py_publisher/py_publisher.egg-info/SOURCES.txt'
[0.848s] running build
[0.848s] running build_py
[0.848s] copying py_publisher/ventana_ui.py -> /home/teo/ros2_ws/build/py_publisher/build/lib/py_publisher
[0.848s] copying py_publisher/logica_ventana.py -> /home/teo/ros2_ws/build/py_publisher/build/lib/py_publisher
[0.848s] running install
[0.848s] /usr/lib/python3/dist-packages/setuptools/command/install.py:34: SetuptoolsDeprecationWarning: setup.py install is deprecated. Use build and pip and other standards-based tools.
[0.848s]   warnings.warn(
[0.849s] running install_lib
[0.849s] copying /home/teo/ros2_ws/build/py_publisher/build/lib/py_publisher/ventana_ui.py -> /home/teo/ros2_ws/install/py_publisher/lib/python3.10/site-packages/py_publisher
[0.849s] copying /home/teo/ros2_ws/build/py_publisher/build/lib/py_publisher/logica_ventana.py -> /home/teo/ros2_ws/install/py_publisher/lib/python3.10/site-packages/py_publisher
[0.850s] byte-compiling /home/teo/ros2_ws/install/py_publisher/lib/python3.10/site-packages/py_publisher/ventana_ui.py to ventana_ui.cpython-310.pyc
[0.853s] byte-compiling /home/teo/ros2_ws/install/py_publisher/lib/python3.10/site-packages/py_publisher/logica_ventana.py to logica_ventana.cpython-310.pyc
[0.854s] running install_data
[0.855s] running install_egg_info
[0.856s] removing '/home/teo/ros2_ws/install/py_publisher/lib/python3.10/site-packages/py_publisher-0.0.0-py3.10.egg-info' (and everything under it)
[0.856s] Copying ../../build/py_publisher/py_publisher.egg-info to /home/teo/ros2_ws/install/py_publisher/lib/python3.10/site-packages/py_publisher-0.0.0-py3.10.egg-info
[0.857s] running install_scripts
[0.877s] Installing hola script to /home/teo/ros2_ws/install/py_publisher/lib/py_publisher
[0.877s] Installing listener script to /home/teo/ros2_ws/install/py_publisher/lib/py_publisher
[0.877s] writing list of installed files to '/home/teo/ros2_ws/build/py_publisher/install.log'
[0.895s] Invoked command in '/home/teo/ros2_ws/src/py_publisher' returned '0': PYTHONPATH=/home/teo/ros2_ws/build/py_publisher/prefix_override:/home/teo/ros2_ws/install/py_publisher/lib/python3.10/site-packages:${PYTHONPATH} /usr/bin/python3 setup.py egg_info --egg-base ../../build/py_publisher build --build-base /home/teo/ros2_ws/build/py_publisher/build install --record /home/teo/ros2_ws/build/py_publisher/install.log --single-version-externally-managed
