[2.792s] Invoking command in '/home/armega/ros2_ws/src/py_publisher': PYTHONPATH=/home/armega/ros2_ws/build/py_publisher/prefix_override:/home/armega/ros2_ws/install/py_publisher/lib/python3.10/site-packages:${PYTHONPATH} /usr/bin/python3 setup.py egg_info --egg-base ../../build/py_publisher build --build-base /home/armega/ros2_ws/build/py_publisher/build install --record /home/armega/ros2_ws/build/py_publisher/install.log --single-version-externally-managed
[3.650s] running egg_info
[3.656s] writing ../../build/py_publisher/py_publisher.egg-info/PKG-INFO
[3.659s] writing dependency_links to ../../build/py_publisher/py_publisher.egg-info/dependency_links.txt
[3.660s] writing entry points to ../../build/py_publisher/py_publisher.egg-info/entry_points.txt
[3.661s] writing requirements to ../../build/py_publisher/py_publisher.egg-info/requires.txt
[3.662s] writing top-level names to ../../build/py_publisher/py_publisher.egg-info/top_level.txt
[3.675s] reading manifest file '../../build/py_publisher/py_publisher.egg-info/SOURCES.txt'
[3.680s] writing manifest file '../../build/py_publisher/py_publisher.egg-info/SOURCES.txt'
[3.681s] running build
[3.681s] running build_py
[3.685s] running install
[3.687s] /usr/lib/python3/dist-packages/setuptools/command/install.py:34: SetuptoolsDeprecationWarning: setup.py install is deprecated. Use build and pip and other standards-based tools.
[3.687s]   warnings.warn(
[3.691s] running install_lib
[3.696s] running install_data
[3.699s] running install_egg_info
[3.705s] removing '/home/armega/ros2_ws/install/py_publisher/lib/python3.10/site-packages/py_publisher-0.0.0-py3.10.egg-info' (and everything under it)
[3.713s] Copying ../../build/py_publisher/py_publisher.egg-info to /home/armega/ros2_ws/install/py_publisher/lib/python3.10/site-packages/py_publisher-0.0.0-py3.10.egg-info
[3.717s] running install_scripts
[3.780s] Installing hola script to /home/armega/ros2_ws/install/py_publisher/lib/py_publisher
[3.783s] Installing listener script to /home/armega/ros2_ws/install/py_publisher/lib/py_publisher
[3.787s] writing list of installed files to '/home/armega/ros2_ws/build/py_publisher/install.log'
[3.852s] Invoked command in '/home/armega/ros2_ws/src/py_publisher' returned '0': PYTHONPATH=/home/armega/ros2_ws/build/py_publisher/prefix_override:/home/armega/ros2_ws/install/py_publisher/lib/python3.10/site-packages:${PYTHONPATH} /usr/bin/python3 setup.py egg_info --egg-base ../../build/py_publisher build --build-base /home/armega/ros2_ws/build/py_publisher/build install --record /home/armega/ros2_ws/build/py_publisher/install.log --single-version-externally-managed
