[0.809s] Invoking command in '/home/teo/ros2_ws/src/py_publisher': PYTHONPATH=/home/teo/ros2_ws/build/py_publisher/prefix_override:/home/teo/ros2_ws/install/py_publisher/lib/python3.10/site-packages:${PYTHONPATH} /usr/bin/python3 setup.py egg_info --egg-base ../../build/py_publisher build --build-base /home/teo/ros2_ws/build/py_publisher/build install --record /home/teo/ros2_ws/build/py_publisher/install.log --single-version-externally-managed
[1.064s] running egg_info
[1.065s] writing ../../build/py_publisher/py_publisher.egg-info/PKG-INFO
[1.065s] writing dependency_links to ../../build/py_publisher/py_publisher.egg-info/dependency_links.txt
[1.065s] writing entry points to ../../build/py_publisher/py_publisher.egg-info/entry_points.txt
[1.065s] writing requirements to ../../build/py_publisher/py_publisher.egg-info/requires.txt
[1.065s] writing top-level names to ../../build/py_publisher/py_publisher.egg-info/top_level.txt
[1.069s] reading manifest file '../../build/py_publisher/py_publisher.egg-info/SOURCES.txt'
[1.071s] writing manifest file '../../build/py_publisher/py_publisher.egg-info/SOURCES.txt'
[1.071s] running build
[1.071s] running build_py
[1.071s] copying py_publisher/subscriber_member_function.py -> /home/teo/ros2_ws/build/py_publisher/build/lib/py_publisher
[1.071s] copying py_publisher/logica_ventana.py -> /home/teo/ros2_ws/build/py_publisher/build/lib/py_publisher
[1.072s] running install
[1.072s] /usr/lib/python3/dist-packages/setuptools/command/install.py:34: SetuptoolsDeprecationWarning: setup.py install is deprecated. Use build and pip and other standards-based tools.
[1.072s]   warnings.warn(
[1.073s] running install_lib
[1.074s] copying /home/teo/ros2_ws/build/py_publisher/build/lib/py_publisher/subscriber_member_function.py -> /home/teo/ros2_ws/install/py_publisher/lib/python3.10/site-packages/py_publisher
[1.074s] copying /home/teo/ros2_ws/build/py_publisher/build/lib/py_publisher/logica_ventana.py -> /home/teo/ros2_ws/install/py_publisher/lib/python3.10/site-packages/py_publisher
[1.074s] byte-compiling /home/teo/ros2_ws/install/py_publisher/lib/python3.10/site-packages/py_publisher/subscriber_member_function.py to subscriber_member_function.cpython-310.pyc
[1.075s] byte-compiling /home/teo/ros2_ws/install/py_publisher/lib/python3.10/site-packages/py_publisher/logica_ventana.py to logica_ventana.cpython-310.pyc
[1.076s] running install_data
[1.077s] running install_egg_info
[1.078s] removing '/home/teo/ros2_ws/install/py_publisher/lib/python3.10/site-packages/py_publisher-0.0.0-py3.10.egg-info' (and everything under it)
[1.078s] Copying ../../build/py_publisher/py_publisher.egg-info to /home/teo/ros2_ws/install/py_publisher/lib/python3.10/site-packages/py_publisher-0.0.0-py3.10.egg-info
[1.079s] running install_scripts
[1.105s] Installing hola script to /home/teo/ros2_ws/install/py_publisher/lib/py_publisher
[1.105s] Installing listener script to /home/teo/ros2_ws/install/py_publisher/lib/py_publisher
[1.105s] writing list of installed files to '/home/teo/ros2_ws/build/py_publisher/install.log'
[1.132s] Invoked command in '/home/teo/ros2_ws/src/py_publisher' returned '0': PYTHONPATH=/home/teo/ros2_ws/build/py_publisher/prefix_override:/home/teo/ros2_ws/install/py_publisher/lib/python3.10/site-packages:${PYTHONPATH} /usr/bin/python3 setup.py egg_info --egg-base ../../build/py_publisher build --build-base /home/teo/ros2_ws/build/py_publisher/build install --record /home/teo/ros2_ws/build/py_publisher/install.log --single-version-externally-managed
