[1.264s] DEBUG:colcon:Command line arguments: ['/usr/bin/colcon', 'build']
[1.265s] DEBUG:colcon:Parsed command line arguments: Namespace(log_base=None, log_level=None, verb_name='build', build_base='build', install_base='install', merge_install=False, symlink_install=False, test_result_base=None, continue_on_error=False, executor='parallel', parallel_workers=3, event_handlers=None, ignore_user_meta=False, metas=['./colcon.meta'], base_paths=['.'], packages_ignore=None, packages_ignore_regex=None, paths=None, packages_up_to=None, packages_up_to_regex=None, packages_above=None, packages_above_and_dependencies=None, packages_above_depth=None, packages_select_by_dep=None, packages_skip_by_dep=None, packages_skip_up_to=None, packages_select_build_failed=False, packages_skip_build_finished=False, packages_select_test_failures=False, packages_skip_test_passed=False, packages_select=None, packages_skip=None, packages_select_regex=None, packages_skip_regex=None, packages_start=None, packages_end=None, allow_overriding=[], cmake_args=None, cmake_target=None, cmake_target_skip_unavailable=False, cmake_clean_cache=False, cmake_clean_first=False, cmake_force_configure=False, ament_cmake_args=None, catkin_cmake_args=None, catkin_skip_building_tests=False, verb_parser=<colcon_defaults.argument_parser.defaults.DefaultArgumentsDecorator object at 0x7fc6d2f1d360>, verb_extension=<colcon_core.verb.build.BuildVerb object at 0x7fc6d33be050>, main=<bound method BuildVerb.main of <colcon_core.verb.build.BuildVerb object at 0x7fc6d33be050>>)
[1.318s] Level 1:colcon.colcon_core.package_discovery:discover_packages(colcon_meta) check parameters
[1.318s] Level 1:colcon.colcon_core.package_discovery:discover_packages(recursive) check parameters
[1.318s] Level 1:colcon.colcon_core.package_discovery:discover_packages(ignore) check parameters
[1.318s] Level 1:colcon.colcon_core.package_discovery:discover_packages(path) check parameters
[1.318s] Level 1:colcon.colcon_core.package_discovery:discover_packages(colcon_meta) discover
[1.318s] Level 1:colcon.colcon_core.package_discovery:discover_packages(recursive) discover
[1.318s] INFO:colcon.colcon_core.package_discovery:Crawling recursively for packages in '/home/armega/ros2_ws'
[1.319s] Level 1:colcon.colcon_core.package_identification:_identify(.) by extensions ['ignore', 'ignore_ament_install']
[1.319s] Level 1:colcon.colcon_core.package_identification:_identify(.) by extension 'ignore'
[1.319s] Level 1:colcon.colcon_core.package_identification:_identify(.) by extension 'ignore_ament_install'
[1.319s] Level 1:colcon.colcon_core.package_identification:_identify(.) by extensions ['colcon_pkg']
[1.319s] Level 1:colcon.colcon_core.package_identification:_identify(.) by extension 'colcon_pkg'
[1.319s] Level 1:colcon.colcon_core.package_identification:_identify(.) by extensions ['colcon_meta']
[1.319s] Level 1:colcon.colcon_core.package_identification:_identify(.) by extension 'colcon_meta'
[1.319s] Level 1:colcon.colcon_core.package_identification:_identify(.) by extensions ['ros']
[1.319s] Level 1:colcon.colcon_core.package_identification:_identify(.) by extension 'ros'
[1.335s] Level 1:colcon.colcon_core.package_identification:_identify(.) by extensions ['cmake', 'python']
[1.336s] Level 1:colcon.colcon_core.package_identification:_identify(.) by extension 'cmake'
[1.336s] Level 1:colcon.colcon_core.package_identification:_identify(.) by extension 'python'
[1.336s] Level 1:colcon.colcon_core.package_identification:_identify(.) by extensions ['python_setup_py']
[1.336s] Level 1:colcon.colcon_core.package_identification:_identify(.) by extension 'python_setup_py'
[1.336s] Level 1:colcon.colcon_core.package_identification:_identify(build) by extensions ['ignore', 'ignore_ament_install']
[1.336s] Level 1:colcon.colcon_core.package_identification:_identify(build) by extension 'ignore'
[1.336s] Level 1:colcon.colcon_core.package_identification:_identify(build) ignored
[1.336s] Level 1:colcon.colcon_core.package_identification:_identify(install) by extensions ['ignore', 'ignore_ament_install']
[1.336s] Level 1:colcon.colcon_core.package_identification:_identify(install) by extension 'ignore'
[1.336s] Level 1:colcon.colcon_core.package_identification:_identify(install) ignored
[1.337s] Level 1:colcon.colcon_core.package_identification:_identify(log) by extensions ['ignore', 'ignore_ament_install']
[1.337s] Level 1:colcon.colcon_core.package_identification:_identify(log) by extension 'ignore'
[1.337s] Level 1:colcon.colcon_core.package_identification:_identify(log) ignored
[1.337s] Level 1:colcon.colcon_core.package_identification:_identify(src) by extensions ['ignore', 'ignore_ament_install']
[1.337s] Level 1:colcon.colcon_core.package_identification:_identify(src) by extension 'ignore'
[1.337s] Level 1:colcon.colcon_core.package_identification:_identify(src) by extension 'ignore_ament_install'
[1.337s] Level 1:colcon.colcon_core.package_identification:_identify(src) by extensions ['colcon_pkg']
[1.337s] Level 1:colcon.colcon_core.package_identification:_identify(src) by extension 'colcon_pkg'
[1.337s] Level 1:colcon.colcon_core.package_identification:_identify(src) by extensions ['colcon_meta']
[1.337s] Level 1:colcon.colcon_core.package_identification:_identify(src) by extension 'colcon_meta'
[1.337s] Level 1:colcon.colcon_core.package_identification:_identify(src) by extensions ['ros']
[1.337s] Level 1:colcon.colcon_core.package_identification:_identify(src) by extension 'ros'
[1.337s] Level 1:colcon.colcon_core.package_identification:_identify(src) by extensions ['cmake', 'python']
[1.337s] Level 1:colcon.colcon_core.package_identification:_identify(src) by extension 'cmake'
[1.338s] Level 1:colcon.colcon_core.package_identification:_identify(src) by extension 'python'
[1.338s] Level 1:colcon.colcon_core.package_identification:_identify(src) by extensions ['python_setup_py']
[1.338s] Level 1:colcon.colcon_core.package_identification:_identify(src) by extension 'python_setup_py'
[1.338s] Level 1:colcon.colcon_core.package_identification:_identify(src/py_full_controller) by extensions ['ignore', 'ignore_ament_install']
[1.338s] Level 1:colcon.colcon_core.package_identification:_identify(src/py_full_controller) by extension 'ignore'
[1.338s] Level 1:colcon.colcon_core.package_identification:_identify(src/py_full_controller) by extension 'ignore_ament_install'
[1.338s] Level 1:colcon.colcon_core.package_identification:_identify(src/py_full_controller) by extensions ['colcon_pkg']
[1.338s] Level 1:colcon.colcon_core.package_identification:_identify(src/py_full_controller) by extension 'colcon_pkg'
[1.338s] Level 1:colcon.colcon_core.package_identification:_identify(src/py_full_controller) by extensions ['colcon_meta']
[1.338s] Level 1:colcon.colcon_core.package_identification:_identify(src/py_full_controller) by extension 'colcon_meta'
[1.338s] Level 1:colcon.colcon_core.package_identification:_identify(src/py_full_controller) by extensions ['ros']
[1.338s] Level 1:colcon.colcon_core.package_identification:_identify(src/py_full_controller) by extension 'ros'
[1.341s] DEBUG:colcon.colcon_core.package_identification:Package 'src/py_full_controller' with type 'ros.ament_python' and name 'py_full_controller'
[1.341s] Level 1:colcon.colcon_core.package_identification:_identify(src/py_publisher) by extensions ['ignore', 'ignore_ament_install']
[1.341s] Level 1:colcon.colcon_core.package_identification:_identify(src/py_publisher) by extension 'ignore'
[1.341s] Level 1:colcon.colcon_core.package_identification:_identify(src/py_publisher) by extension 'ignore_ament_install'
[1.341s] Level 1:colcon.colcon_core.package_identification:_identify(src/py_publisher) by extensions ['colcon_pkg']
[1.341s] Level 1:colcon.colcon_core.package_identification:_identify(src/py_publisher) by extension 'colcon_pkg'
[1.341s] Level 1:colcon.colcon_core.package_identification:_identify(src/py_publisher) by extensions ['colcon_meta']
[1.341s] Level 1:colcon.colcon_core.package_identification:_identify(src/py_publisher) by extension 'colcon_meta'
[1.342s] Level 1:colcon.colcon_core.package_identification:_identify(src/py_publisher) by extensions ['ros']
[1.342s] Level 1:colcon.colcon_core.package_identification:_identify(src/py_publisher) by extension 'ros'
[1.342s] DEBUG:colcon.colcon_core.package_identification:Package 'src/py_publisher' with type 'ros.ament_python' and name 'py_publisher'
[1.342s] Level 1:colcon.colcon_core.package_discovery:discover_packages(recursive) using defaults
[1.342s] Level 1:colcon.colcon_core.package_discovery:discover_packages(ignore) discover
[1.342s] Level 1:colcon.colcon_core.package_discovery:discover_packages(ignore) using defaults
[1.342s] Level 1:colcon.colcon_core.package_discovery:discover_packages(path) discover
[1.342s] Level 1:colcon.colcon_core.package_discovery:discover_packages(path) using defaults
[1.450s] Level 1:colcon.colcon_core.package_discovery:discover_packages(prefix_path) check parameters
[1.450s] Level 1:colcon.colcon_core.package_discovery:discover_packages(prefix_path) discover
[1.486s] DEBUG:colcon.colcon_installed_package_information.package_discovery:Found 2 installed packages in /home/armega/ros2_ws/install
[1.504s] DEBUG:colcon.colcon_installed_package_information.package_discovery:Found 272 installed packages in /opt/ros/humble
[1.506s] Level 1:colcon.colcon_core.package_discovery:discover_packages(prefix_path) using defaults
[1.612s] Level 5:colcon.colcon_core.verb:set package 'py_full_controller' build argument 'cmake_args' from command line to 'None'
[1.612s] Level 5:colcon.colcon_core.verb:set package 'py_full_controller' build argument 'cmake_target' from command line to 'None'
[1.612s] Level 5:colcon.colcon_core.verb:set package 'py_full_controller' build argument 'cmake_target_skip_unavailable' from command line to 'False'
[1.612s] Level 5:colcon.colcon_core.verb:set package 'py_full_controller' build argument 'cmake_clean_cache' from command line to 'False'
[1.612s] Level 5:colcon.colcon_core.verb:set package 'py_full_controller' build argument 'cmake_clean_first' from command line to 'False'
[1.612s] Level 5:colcon.colcon_core.verb:set package 'py_full_controller' build argument 'cmake_force_configure' from command line to 'False'
[1.612s] Level 5:colcon.colcon_core.verb:set package 'py_full_controller' build argument 'ament_cmake_args' from command line to 'None'
[1.612s] Level 5:colcon.colcon_core.verb:set package 'py_full_controller' build argument 'catkin_cmake_args' from command line to 'None'
[1.613s] Level 5:colcon.colcon_core.verb:set package 'py_full_controller' build argument 'catkin_skip_building_tests' from command line to 'False'
[1.613s] DEBUG:colcon.colcon_core.verb:Building package 'py_full_controller' with the following arguments: {'ament_cmake_args': None, 'build_base': '/home/armega/ros2_ws/build/py_full_controller', 'catkin_cmake_args': None, 'catkin_skip_building_tests': False, 'cmake_args': None, 'cmake_clean_cache': False, 'cmake_clean_first': False, 'cmake_force_configure': False, 'cmake_target': None, 'cmake_target_skip_unavailable': False, 'install_base': '/home/armega/ros2_ws/install/py_full_controller', 'merge_install': False, 'path': '/home/armega/ros2_ws/src/py_full_controller', 'symlink_install': False, 'test_result_base': None}
[1.630s] Level 5:colcon.colcon_core.verb:set package 'py_publisher' build argument 'cmake_args' from command line to 'None'
[1.630s] Level 5:colcon.colcon_core.verb:set package 'py_publisher' build argument 'cmake_target' from command line to 'None'
[1.630s] Level 5:colcon.colcon_core.verb:set package 'py_publisher' build argument 'cmake_target_skip_unavailable' from command line to 'False'
[1.630s] Level 5:colcon.colcon_core.verb:set package 'py_publisher' build argument 'cmake_clean_cache' from command line to 'False'
[1.630s] Level 5:colcon.colcon_core.verb:set package 'py_publisher' build argument 'cmake_clean_first' from command line to 'False'
[1.630s] Level 5:colcon.colcon_core.verb:set package 'py_publisher' build argument 'cmake_force_configure' from command line to 'False'
[1.630s] Level 5:colcon.colcon_core.verb:set package 'py_publisher' build argument 'ament_cmake_args' from command line to 'None'
[1.630s] Level 5:colcon.colcon_core.verb:set package 'py_publisher' build argument 'catkin_cmake_args' from command line to 'None'
[1.630s] Level 5:colcon.colcon_core.verb:set package 'py_publisher' build argument 'catkin_skip_building_tests' from command line to 'False'
[1.630s] DEBUG:colcon.colcon_core.verb:Building package 'py_publisher' with the following arguments: {'ament_cmake_args': None, 'build_base': '/home/armega/ros2_ws/build/py_publisher', 'catkin_cmake_args': None, 'catkin_skip_building_tests': False, 'cmake_args': None, 'cmake_clean_cache': False, 'cmake_clean_first': False, 'cmake_force_configure': False, 'cmake_target': None, 'cmake_target_skip_unavailable': False, 'install_base': '/home/armega/ros2_ws/install/py_publisher', 'merge_install': False, 'path': '/home/armega/ros2_ws/src/py_publisher', 'symlink_install': False, 'test_result_base': None}
[1.648s] INFO:colcon.colcon_core.executor:Executing jobs using 'parallel' executor
[1.666s] DEBUG:colcon.colcon_parallel_executor.executor.parallel:run_until_complete
[1.666s] INFO:colcon.colcon_ros.task.ament_python.build:Building ROS package in '/home/armega/ros2_ws/src/py_full_controller' with build type 'ament_python'
[1.666s] Level 1:colcon.colcon_core.shell:create_environment_hook('py_full_controller', 'ament_prefix_path')
[1.691s] INFO:colcon.colcon_core.plugin_system:Skipping extension 'colcon_core.shell.bat': Not used on non-Windows systems
[1.691s] INFO:colcon.colcon_core.shell:Creating environment hook '/home/armega/ros2_ws/install/py_full_controller/share/py_full_controller/hook/ament_prefix_path.ps1'
[1.692s] INFO:colcon.colcon_core.shell:Creating environment descriptor '/home/armega/ros2_ws/install/py_full_controller/share/py_full_controller/hook/ament_prefix_path.dsv'
[1.694s] INFO:colcon.colcon_core.shell:Creating environment hook '/home/armega/ros2_ws/install/py_full_controller/share/py_full_controller/hook/ament_prefix_path.sh'
[1.724s] INFO:colcon.colcon_core.shell:Skip shell extension 'powershell' for command environment: Not usable outside of PowerShell
[1.725s] DEBUG:colcon.colcon_core.shell:Skip shell extension 'dsv' for command environment
[1.785s] INFO:colcon.colcon_ros.task.ament_python.build:Building ROS package in '/home/armega/ros2_ws/src/py_publisher' with build type 'ament_python'
[1.785s] Level 1:colcon.colcon_core.shell:create_environment_hook('py_publisher', 'ament_prefix_path')
[1.810s] INFO:colcon.colcon_core.shell:Creating environment hook '/home/armega/ros2_ws/install/py_publisher/share/py_publisher/hook/ament_prefix_path.ps1'
[1.811s] INFO:colcon.colcon_core.shell:Creating environment descriptor '/home/armega/ros2_ws/install/py_publisher/share/py_publisher/hook/ament_prefix_path.dsv'
[1.812s] INFO:colcon.colcon_core.shell:Creating environment hook '/home/armega/ros2_ws/install/py_publisher/share/py_publisher/hook/ament_prefix_path.sh'
[1.831s] INFO:colcon.colcon_core.shell:Skip shell extension 'powershell' for command environment: Not usable outside of PowerShell
[1.832s] DEBUG:colcon.colcon_core.shell:Skip shell extension 'dsv' for command environment
[2.198s] INFO:colcon.colcon_core.task.python.build:Building Python package in '/home/armega/ros2_ws/src/py_full_controller'
[2.218s] INFO:colcon.colcon_core.shell:Skip shell extension 'powershell' for command environment: Not usable outside of PowerShell
[2.219s] DEBUG:colcon.colcon_core.shell:Skip shell extension 'dsv' for command environment
[2.589s] INFO:colcon.colcon_core.task.python.build:Building Python package in '/home/armega/ros2_ws/src/py_publisher'
[2.610s] INFO:colcon.colcon_core.shell:Skip shell extension 'powershell' for command environment: Not usable outside of PowerShell
[2.610s] DEBUG:colcon.colcon_core.shell:Skip shell extension 'dsv' for command environment
[3.172s] DEBUG:colcon.colcon_core.event_handler.log_command:Invoking command in '/home/armega/ros2_ws/src/py_full_controller': PYTHONPATH=/home/armega/ros2_ws/build/py_full_controller/prefix_override:/home/armega/ros2_ws/install/py_full_controller/lib/python3.10/site-packages:${PYTHONPATH} /usr/bin/python3 setup.py egg_info --egg-base ../../build/py_full_controller build --build-base /home/armega/ros2_ws/build/py_full_controller/build install --record /home/armega/ros2_ws/build/py_full_controller/install.log --single-version-externally-managed
[3.179s] DEBUG:colcon.colcon_core.event_handler.log_command:Invoking command in '/home/armega/ros2_ws/src/py_publisher': PYTHONPATH=/home/armega/ros2_ws/build/py_publisher/prefix_override:/home/armega/ros2_ws/install/py_publisher/lib/python3.10/site-packages:${PYTHONPATH} /usr/bin/python3 setup.py egg_info --egg-base ../../build/py_publisher build --build-base /home/armega/ros2_ws/build/py_publisher/build install --record /home/armega/ros2_ws/build/py_publisher/install.log --single-version-externally-managed
[3.662s] DEBUG:colcon.colcon_core.event_handler.log_command:Invoked command in '/home/armega/ros2_ws/src/py_full_controller' returned '0': PYTHONPATH=/home/armega/ros2_ws/build/py_full_controller/prefix_override:/home/armega/ros2_ws/install/py_full_controller/lib/python3.10/site-packages:${PYTHONPATH} /usr/bin/python3 setup.py egg_info --egg-base ../../build/py_full_controller build --build-base /home/armega/ros2_ws/build/py_full_controller/build install --record /home/armega/ros2_ws/build/py_full_controller/install.log --single-version-externally-managed
[3.683s] Level 1:colcon.colcon_core.environment:checking '/home/armega/ros2_ws/install/py_full_controller' for CMake module files
[3.684s] Level 1:colcon.colcon_core.environment:checking '/home/armega/ros2_ws/install/py_full_controller' for CMake config files
[3.685s] Level 1:colcon.colcon_core.environment:checking '/home/armega/ros2_ws/install/py_full_controller/lib'
[3.686s] Level 1:colcon.colcon_core.environment:checking '/home/armega/ros2_ws/install/py_full_controller/bin'
[3.686s] Level 1:colcon.colcon_core.environment:checking '/home/armega/ros2_ws/install/py_full_controller/lib/pkgconfig/py_full_controller.pc'
[3.686s] Level 1:colcon.colcon_core.environment:checking '/home/armega/ros2_ws/install/py_full_controller/lib/python3.10/site-packages'
[3.686s] Level 1:colcon.colcon_core.shell:create_environment_hook('py_full_controller', 'pythonpath')
[3.705s] INFO:colcon.colcon_core.shell:Creating environment hook '/home/armega/ros2_ws/install/py_full_controller/share/py_full_controller/hook/pythonpath.ps1'
[3.705s] INFO:colcon.colcon_core.shell:Creating environment descriptor '/home/armega/ros2_ws/install/py_full_controller/share/py_full_controller/hook/pythonpath.dsv'
[3.706s] INFO:colcon.colcon_core.shell:Creating environment hook '/home/armega/ros2_ws/install/py_full_controller/share/py_full_controller/hook/pythonpath.sh'
[3.707s] Level 1:colcon.colcon_core.environment:checking '/home/armega/ros2_ws/install/py_full_controller/bin'
[3.707s] Level 1:colcon.colcon_core.environment:create_environment_scripts_only(py_full_controller)
[3.727s] INFO:colcon.colcon_core.shell:Creating package script '/home/armega/ros2_ws/install/py_full_controller/share/py_full_controller/package.ps1'
[3.729s] INFO:colcon.colcon_core.shell:Creating package descriptor '/home/armega/ros2_ws/install/py_full_controller/share/py_full_controller/package.dsv'
[3.729s] INFO:colcon.colcon_core.shell:Creating package script '/home/armega/ros2_ws/install/py_full_controller/share/py_full_controller/package.sh'
[3.730s] INFO:colcon.colcon_core.shell:Creating package script '/home/armega/ros2_ws/install/py_full_controller/share/py_full_controller/package.bash'
[3.732s] INFO:colcon.colcon_core.shell:Creating package script '/home/armega/ros2_ws/install/py_full_controller/share/py_full_controller/package.zsh'
[3.733s] Level 1:colcon.colcon_core.environment:create_file_with_runtime_dependencies(/home/armega/ros2_ws/install/py_full_controller/share/colcon-core/packages/py_full_controller)
[3.748s] DEBUG:colcon.colcon_core.event_handler.log_command:Invoked command in '/home/armega/ros2_ws/src/py_publisher' returned '0': PYTHONPATH=/home/armega/ros2_ws/build/py_publisher/prefix_override:/home/armega/ros2_ws/install/py_publisher/lib/python3.10/site-packages:${PYTHONPATH} /usr/bin/python3 setup.py egg_info --egg-base ../../build/py_publisher build --build-base /home/armega/ros2_ws/build/py_publisher/build install --record /home/armega/ros2_ws/build/py_publisher/install.log --single-version-externally-managed
[3.774s] Level 1:colcon.colcon_core.environment:checking '/home/armega/ros2_ws/install/py_publisher' for CMake module files
[3.775s] Level 1:colcon.colcon_core.environment:checking '/home/armega/ros2_ws/install/py_publisher' for CMake config files
[3.776s] Level 1:colcon.colcon_core.environment:checking '/home/armega/ros2_ws/install/py_publisher/lib'
[3.776s] Level 1:colcon.colcon_core.environment:checking '/home/armega/ros2_ws/install/py_publisher/bin'
[3.776s] Level 1:colcon.colcon_core.environment:checking '/home/armega/ros2_ws/install/py_publisher/lib/pkgconfig/py_publisher.pc'
[3.776s] Level 1:colcon.colcon_core.environment:checking '/home/armega/ros2_ws/install/py_publisher/lib/python3.10/site-packages'
[3.777s] Level 1:colcon.colcon_core.shell:create_environment_hook('py_publisher', 'pythonpath')
[3.796s] INFO:colcon.colcon_core.shell:Creating environment hook '/home/armega/ros2_ws/install/py_publisher/share/py_publisher/hook/pythonpath.ps1'
[3.797s] INFO:colcon.colcon_core.shell:Creating environment descriptor '/home/armega/ros2_ws/install/py_publisher/share/py_publisher/hook/pythonpath.dsv'
[3.797s] INFO:colcon.colcon_core.shell:Creating environment hook '/home/armega/ros2_ws/install/py_publisher/share/py_publisher/hook/pythonpath.sh'
[3.798s] Level 1:colcon.colcon_core.environment:checking '/home/armega/ros2_ws/install/py_publisher/bin'
[3.799s] Level 1:colcon.colcon_core.environment:create_environment_scripts_only(py_publisher)
[3.823s] INFO:colcon.colcon_core.shell:Creating package script '/home/armega/ros2_ws/install/py_publisher/share/py_publisher/package.ps1'
[3.824s] INFO:colcon.colcon_core.shell:Creating package descriptor '/home/armega/ros2_ws/install/py_publisher/share/py_publisher/package.dsv'
[3.826s] INFO:colcon.colcon_core.shell:Creating package script '/home/armega/ros2_ws/install/py_publisher/share/py_publisher/package.sh'
[3.827s] INFO:colcon.colcon_core.shell:Creating package script '/home/armega/ros2_ws/install/py_publisher/share/py_publisher/package.bash'
[3.828s] INFO:colcon.colcon_core.shell:Creating package script '/home/armega/ros2_ws/install/py_publisher/share/py_publisher/package.zsh'
[3.829s] Level 1:colcon.colcon_core.environment:create_file_with_runtime_dependencies(/home/armega/ros2_ws/install/py_publisher/share/colcon-core/packages/py_publisher)
[3.829s] DEBUG:colcon.colcon_parallel_executor.executor.parallel:closing loop
[3.830s] DEBUG:colcon.colcon_parallel_executor.executor.parallel:loop closed
[3.830s] DEBUG:colcon.colcon_parallel_executor.executor.parallel:run_until_complete finished with '0'
[3.830s] DEBUG:colcon.colcon_core.event_reactor:joining thread
[3.865s] INFO:colcon.colcon_core.plugin_system:Skipping extension 'colcon_notification.desktop_notification.terminal_notifier': Not used on non-Darwin systems
[3.865s] INFO:colcon.colcon_core.plugin_system:Skipping extension 'colcon_notification.desktop_notification.win32': Not used on non-Windows systems
[3.866s] INFO:colcon.colcon_notification.desktop_notification:Sending desktop notification using 'notify2'
[3.882s] DEBUG:colcon.colcon_core.event_reactor:joined thread
[3.907s] INFO:colcon.colcon_core.shell:Creating prefix script '/home/armega/ros2_ws/install/local_setup.ps1'
[3.910s] INFO:colcon.colcon_core.shell:Creating prefix util module '/home/armega/ros2_ws/install/_local_setup_util_ps1.py'
[3.915s] INFO:colcon.colcon_core.shell:Creating prefix chain script '/home/armega/ros2_ws/install/setup.ps1'
[3.941s] INFO:colcon.colcon_core.shell:Creating prefix script '/home/armega/ros2_ws/install/local_setup.sh'
[3.942s] INFO:colcon.colcon_core.shell:Creating prefix util module '/home/armega/ros2_ws/install/_local_setup_util_sh.py'
[3.943s] INFO:colcon.colcon_core.shell:Creating prefix chain script '/home/armega/ros2_ws/install/setup.sh'
[3.970s] INFO:colcon.colcon_core.shell:Creating prefix script '/home/armega/ros2_ws/install/local_setup.bash'
[3.971s] INFO:colcon.colcon_core.shell:Creating prefix chain script '/home/armega/ros2_ws/install/setup.bash'
[3.993s] INFO:colcon.colcon_core.shell:Creating prefix script '/home/armega/ros2_ws/install/local_setup.zsh'
[3.994s] INFO:colcon.colcon_core.shell:Creating prefix chain script '/home/armega/ros2_ws/install/setup.zsh'
