running egg_info
writing ../../build/py_publisher/py_publisher.egg-info/PKG-INFO
writing dependency_links to ../../build/py_publisher/py_publisher.egg-info/dependency_links.txt
writing entry points to ../../build/py_publisher/py_publisher.egg-info/entry_points.txt
writing requirements to ../../build/py_publisher/py_publisher.egg-info/requires.txt
writing top-level names to ../../build/py_publisher/py_publisher.egg-info/top_level.txt
reading manifest file '../../build/py_publisher/py_publisher.egg-info/SOURCES.txt'
writing manifest file '../../build/py_publisher/py_publisher.egg-info/SOURCES.txt'
running build
running build_py
copying py_publisher/logica_ventana.py -> /home/teo/ros2_ws/build/py_publisher/build/lib/py_publisher
creating /home/teo/ros2_ws/build/py_publisher/build/lib/py_publisher/py_slider
copying py_publisher/py_slider/__init__.py -> /home/teo/ros2_ws/build/py_publisher/build/lib/py_publisher/py_slider
copying py_publisher/py_slider/py_slider.py -> /home/teo/ros2_ws/build/py_publisher/build/lib/py_publisher/py_slider
running install
/usr/lib/python3/dist-packages/setuptools/command/install.py:34: SetuptoolsDeprecationWarning: setup.py install is deprecated. Use build and pip and other standards-based tools.
  warnings.warn(
running install_lib
creating /home/teo/ros2_ws/install/py_publisher/lib/python3.10/site-packages/py_publisher/py_slider
copying /home/teo/ros2_ws/build/py_publisher/build/lib/py_publisher/py_slider/__init__.py -> /home/teo/ros2_ws/install/py_publisher/lib/python3.10/site-packages/py_publisher/py_slider
copying /home/teo/ros2_ws/build/py_publisher/build/lib/py_publisher/py_slider/py_slider.py -> /home/teo/ros2_ws/install/py_publisher/lib/python3.10/site-packages/py_publisher/py_slider
copying /home/teo/ros2_ws/build/py_publisher/build/lib/py_publisher/logica_ventana.py -> /home/teo/ros2_ws/install/py_publisher/lib/python3.10/site-packages/py_publisher
byte-compiling /home/teo/ros2_ws/install/py_publisher/lib/python3.10/site-packages/py_publisher/py_slider/__init__.py to __init__.cpython-310.pyc
byte-compiling /home/teo/ros2_ws/install/py_publisher/lib/python3.10/site-packages/py_publisher/py_slider/py_slider.py to py_slider.cpython-310.pyc
byte-compiling /home/teo/ros2_ws/install/py_publisher/lib/python3.10/site-packages/py_publisher/logica_ventana.py to logica_ventana.cpython-310.pyc
running install_data
running install_egg_info
removing '/home/teo/ros2_ws/install/py_publisher/lib/python3.10/site-packages/py_publisher-0.0.0-py3.10.egg-info' (and everything under it)
Copying ../../build/py_publisher/py_publisher.egg-info to /home/teo/ros2_ws/install/py_publisher/lib/python3.10/site-packages/py_publisher-0.0.0-py3.10.egg-info
running install_scripts
Installing hola script to /home/teo/ros2_ws/install/py_publisher/lib/py_publisher
Installing listener script to /home/teo/ros2_ws/install/py_publisher/lib/py_publisher
writing list of installed files to '/home/teo/ros2_ws/build/py_publisher/install.log'
