[0.559s] Invoking command in '/home/teo/ros2_ws/src/py_publisher': PYTHONPATH=/home/teo/ros2_ws/build/py_publisher/prefix_override:/home/teo/ros2_ws/install/py_publisher/lib/python3.10/site-packages:${PYTHONPATH} /usr/bin/python3 setup.py egg_info --egg-base ../../build/py_publisher build --build-base /home/teo/ros2_ws/build/py_publisher/build install --record /home/teo/ros2_ws/build/py_publisher/install.log --single-version-externally-managed
[0.740s] running egg_info
[0.741s] writing ../../build/py_publisher/py_publisher.egg-info/PKG-INFO
[0.741s] writing dependency_links to ../../build/py_publisher/py_publisher.egg-info/dependency_links.txt
[0.741s] writing entry points to ../../build/py_publisher/py_publisher.egg-info/entry_points.txt
[0.741s] writing requirements to ../../build/py_publisher/py_publisher.egg-info/requires.txt
[0.741s] writing top-level names to ../../build/py_publisher/py_publisher.egg-info/top_level.txt
[0.743s] reading manifest file '../../build/py_publisher/py_publisher.egg-info/SOURCES.txt'
[0.743s] writing manifest file '../../build/py_publisher/py_publisher.egg-info/SOURCES.txt'
[0.744s] running build
[0.744s] running build_py
[0.744s] copying py_publisher/logica_ventana.py -> /home/teo/ros2_ws/build/py_publisher/build/lib/py_publisher
[0.744s] creating /home/teo/ros2_ws/build/py_publisher/build/lib/py_publisher/py_slider
[0.744s] copying py_publisher/py_slider/__init__.py -> /home/teo/ros2_ws/build/py_publisher/build/lib/py_publisher/py_slider
[0.744s] copying py_publisher/py_slider/py_slider.py -> /home/teo/ros2_ws/build/py_publisher/build/lib/py_publisher/py_slider
[0.744s] running install
[0.745s] /usr/lib/python3/dist-packages/setuptools/command/install.py:34: SetuptoolsDeprecationWarning: setup.py install is deprecated. Use build and pip and other standards-based tools.
[0.745s]   warnings.warn(
[0.745s] running install_lib
[0.746s] creating /home/teo/ros2_ws/install/py_publisher/lib/python3.10/site-packages/py_publisher/py_slider
[0.746s] copying /home/teo/ros2_ws/build/py_publisher/build/lib/py_publisher/py_slider/__init__.py -> /home/teo/ros2_ws/install/py_publisher/lib/python3.10/site-packages/py_publisher/py_slider
[0.746s] copying /home/teo/ros2_ws/build/py_publisher/build/lib/py_publisher/py_slider/py_slider.py -> /home/teo/ros2_ws/install/py_publisher/lib/python3.10/site-packages/py_publisher/py_slider
[0.746s] copying /home/teo/ros2_ws/build/py_publisher/build/lib/py_publisher/logica_ventana.py -> /home/teo/ros2_ws/install/py_publisher/lib/python3.10/site-packages/py_publisher
[0.746s] byte-compiling /home/teo/ros2_ws/install/py_publisher/lib/python3.10/site-packages/py_publisher/py_slider/__init__.py to __init__.cpython-310.pyc
[0.747s] byte-compiling /home/teo/ros2_ws/install/py_publisher/lib/python3.10/site-packages/py_publisher/py_slider/py_slider.py to py_slider.cpython-310.pyc
[0.747s] byte-compiling /home/teo/ros2_ws/install/py_publisher/lib/python3.10/site-packages/py_publisher/logica_ventana.py to logica_ventana.cpython-310.pyc
[0.748s] running install_data
[0.749s] running install_egg_info
[0.750s] removing '/home/teo/ros2_ws/install/py_publisher/lib/python3.10/site-packages/py_publisher-0.0.0-py3.10.egg-info' (and everything under it)
[0.750s] Copying ../../build/py_publisher/py_publisher.egg-info to /home/teo/ros2_ws/install/py_publisher/lib/python3.10/site-packages/py_publisher-0.0.0-py3.10.egg-info
[0.751s] running install_scripts
[0.768s] Installing hola script to /home/teo/ros2_ws/install/py_publisher/lib/py_publisher
[0.768s] Installing listener script to /home/teo/ros2_ws/install/py_publisher/lib/py_publisher
[0.768s] writing list of installed files to '/home/teo/ros2_ws/build/py_publisher/install.log'
[0.784s] Invoked command in '/home/teo/ros2_ws/src/py_publisher' returned '0': PYTHONPATH=/home/teo/ros2_ws/build/py_publisher/prefix_override:/home/teo/ros2_ws/install/py_publisher/lib/python3.10/site-packages:${PYTHONPATH} /usr/bin/python3 setup.py egg_info --egg-base ../../build/py_publisher build --build-base /home/teo/ros2_ws/build/py_publisher/build install --record /home/teo/ros2_ws/build/py_publisher/install.log --single-version-externally-managed
